#
# There is insufficient memory for the Java Runtime Environment to continue.
# Native memory allocation (malloc) failed to allocate 396816 bytes. Error detail: Chunk::new
# Possible reasons:
#   The system is out of physical RAM or swap space
#   This process is running with CompressedOops enabled, and the Java Heap may be blocking the growth of the native heap
# Possible solutions:
#   Reduce memory load on the system
#   Increase physical memory or swap space
#   Check if swap backing store is full
#   Decrease Java heap size (-Xmx/-Xms)
#   Decrease number of Java threads
#   Decrease Java thread stack sizes (-Xss)
#   Set larger code cache with -XX:ReservedCodeCacheSize=
#   JVM is running with Unscaled Compressed Oops mode in which the Java heap is
#     placed in the first 4GB address space. The Java Heap base address is the
#     maximum limit for the native heap growth. Please use -XX:HeapBaseMinAddress
#     to set the Java Heap base and to place the Java Heap above 4GB virtual address.
# This output file may be truncated or incomplete.
#
#  Out of Memory Error (arena.cpp:168), pid=25492, tid=28772
#
# JRE version: OpenJDK Runtime Environment Temurin-21.0.10+7 (21.0.10+7) (build 21.0.10+7-LTS)
# Java VM: OpenJDK 64-Bit Server VM Temurin-21.0.10+7 (21.0.10+7-LTS, mixed mode, sharing, tiered, compressed oops, compressed class ptrs, g1 gc, windows-amd64)
# No core dump will be written. Minidumps are not enabled by default on client versions of Windows
#

---------------  S U M M A R Y ------------

Command Line: --add-modules=ALL-SYSTEM --add-opens=java.base/java.util=ALL-UNNAMED --add-opens=java.base/java.lang=ALL-UNNAMED --add-opens=java.base/sun.nio.fs=ALL-UNNAMED -Declipse.application=org.eclipse.jdt.ls.core.id1 -Dosgi.bundles.defaultStartLevel=4 -Declipse.product=org.eclipse.jdt.ls.core.product -Djava.import.generatesMetadataFilesAtProjectRoot=false -DDetectVMInstallationsJob.disabled=true -Dfile.encoding=utf8 -Xlog:disable -Xverify:none -Xmx1G -XX:+UseG1GC -XX:+UseStringDeduplication -javaagent:c:\Users\10211\.cursor\extensions\redhat.java-1.54.0-win32-x64\lombok\lombok-1.18.39-4050.jar -XX:+HeapDumpOnOutOfMemoryError -XX:HeapDumpPath=c:\Users\10211\AppData\Roaming\Cursor\User\workspaceStorage\5dd945e59859e11595760e0f66be3d1b\redhat.java -Daether.dependencyCollector.impl=bf c:\Users\10211\.cursor\extensions\redhat.java-1.54.0-win32-x64\server\plugins\org.eclipse.equinox.launcher_1.7.100.v20251111-0406.jar -configuration c:\Users\10211\AppData\Roaming\Cursor\User\globalStorage\redhat.java\1.54.0\config_win -data c:\Users\10211\AppData\Roaming\Cursor\User\workspaceStorage\5dd945e59859e11595760e0f66be3d1b\redhat.java\jdt_ws --pipe=\\.\pipe\lsp-73dc5f0be05ad3422626974e4ead6d77-sock

Host: Intel(R) Core(TM) i7-9750H CPU @ 2.60GHz, 12 cores, 31G,  Windows 10 , 64 bit Build 18362 (10.0.18362.1500)
Time: Sun May 31 23:20:22 2026 笢弊梓袧奀潔 elapsed time: 15.988917 seconds (0d 0h 0m 15s)

---------------  T H R E A D  ---------------

Current thread (0x00000243f3a6a550):  JavaThread "C2 CompilerThread0" daemon [_thread_in_native, id=28772, stack(0x0000006832200000,0x0000006832300000) (1024K)]


Current CompileTask:
C2:15989 10009   !   4       java.io.ObjectOutputStream::writeObject0 (620 bytes)

Stack: [0x0000006832200000,0x0000006832300000]
Native frames: (J=compiled Java code, j=interpreted, Vv=VM code, C=native code)
V  [jvm.dll+0x6d7a39]
V  [jvm.dll+0x8b4b26]
V  [jvm.dll+0x8b70de]
V  [jvm.dll+0x8b77c3]
V  [jvm.dll+0x284346]
V  [jvm.dll+0xc66ed]
V  [jvm.dll+0xc6c31]
V  [jvm.dll+0x14214f]
V  [jvm.dll+0x666573]
V  [jvm.dll+0x664a7b]
V  [jvm.dll+0x24c3db]
V  [jvm.dll+0x24bb40]
V  [jvm.dll+0x1cb34e]
V  [jvm.dll+0x25b85d]
V  [jvm.dll+0x259dea]
V  [jvm.dll+0x3f857e]
V  [jvm.dll+0x85f59d]
V  [jvm.dll+0x6d626d]
C  [ucrtbase.dll+0x210b2]
C  [KERNEL32.DLL+0x17c24]
C  [ntdll.dll+0x6d721]


---------------  P R O C E S S  ---------------

Threads class SMR info:
_java_thread_list=0x00000243f3d050e0, length=54, elements={
0x00000243daee93d0, 0x00000243f3a61280, 0x00000243f3a62680, 0x00000243f3a65890,
0x00000243f3a662f0, 0x00000243f3a66d50, 0x00000243f3a697c0, 0x00000243f3a6a550,
0x00000243f3a9bea0, 0x00000243f3ae9460, 0x00000243f3c9abf0, 0x00000243f80607d0,
0x00000243f8b91500, 0x00000243f8b881f0, 0x00000243f8c4eda0, 0x00000243f8c4f7e0,
0x00000243f90f08d0, 0x00000243f9a39eb0, 0x00000243f9045ae0, 0x00000243f9045450,
0x00000243f9188f60, 0x00000243f91895f0, 0x00000243f9187520, 0x00000243f918a9a0,
0x00000243f918b6c0, 0x00000243f9189c80, 0x00000243f918d790, 0x00000243f918a310,
0x00000243f9186e90, 0x00000243f918bd50, 0x00000243f918ca70, 0x00000243f9187bb0,
0x00000243f918c3e0, 0x00000243f918d100, 0x00000243f9188240, 0x00000243f91888d0,
0x00000243f918de20, 0x00000243f918e4b0, 0x00000243faed3f50, 0x00000243faed5990,
0x00000243faed5300, 0x00000243faed80f0, 0x00000243faed66b0, 0x00000243faed4c70,
0x00000243faed6020, 0x00000243faed6d40, 0x00000243faed73d0, 0x00000243faed7a60,
0x00000243faed1160, 0x00000243fad477f0, 0x00000243fad45db0, 0x00000243fad46440,
0x00000243fad43ce0, 0x00000243f87e0810
}

Java Threads: ( => current thread )
  0x00000243daee93d0 JavaThread "main"                              [_thread_blocked, id=20160, stack(0x0000006831400000,0x0000006831500000) (1024K)]
  0x00000243f3a61280 JavaThread "Reference Handler"          daemon [_thread_blocked, id=24088, stack(0x0000006831c00000,0x0000006831d00000) (1024K)]
  0x00000243f3a62680 JavaThread "Finalizer"                  daemon [_thread_blocked, id=14936, stack(0x0000006831d00000,0x0000006831e00000) (1024K)]
  0x00000243f3a65890 JavaThread "Signal Dispatcher"          daemon [_thread_blocked, id=26336, stack(0x0000006831e00000,0x0000006831f00000) (1024K)]
  0x00000243f3a662f0 JavaThread "Attach Listener"            daemon [_thread_blocked, id=40360, stack(0x0000006831f00000,0x0000006832000000) (1024K)]
  0x00000243f3a66d50 JavaThread "Service Thread"             daemon [_thread_blocked, id=31764, stack(0x0000006832000000,0x0000006832100000) (1024K)]
  0x00000243f3a697c0 JavaThread "Monitor Deflation Thread"   daemon [_thread_blocked, id=42536, stack(0x0000006832100000,0x0000006832200000) (1024K)]
=>0x00000243f3a6a550 JavaThread "C2 CompilerThread0"         daemon [_thread_in_native, id=28772, stack(0x0000006832200000,0x0000006832300000) (1024K)]
  0x00000243f3a9bea0 JavaThread "C1 CompilerThread0"         daemon [_thread_blocked, id=28224, stack(0x0000006832300000,0x0000006832400000) (1024K)]
  0x00000243f3ae9460 JavaThread "StringDedupThread"          daemon [_thread_blocked, id=27068, stack(0x0000006832400000,0x0000006832500000) (1024K)]
  0x00000243f3c9abf0 JavaThread "Common-Cleaner"             daemon [_thread_blocked, id=8808, stack(0x0000006832500000,0x0000006832600000) (1024K)]
  0x00000243f80607d0 JavaThread "Notification Thread"        daemon [_thread_blocked, id=19972, stack(0x0000006832600000,0x0000006832700000) (1024K)]
  0x00000243f8b91500 JavaThread "Active Thread: Equinox Container: 6d04caea-1d42-413b-acea-1c3c161d142e"        [_thread_blocked, id=42332, stack(0x0000006833200000,0x0000006833300000) (1024K)]
  0x00000243f8b881f0 JavaThread "Refresh Thread: Equinox Container: 6d04caea-1d42-413b-acea-1c3c161d142e" daemon [_thread_blocked, id=21032, stack(0x0000006833300000,0x0000006833400000) (1024K)]
  0x00000243f8c4eda0 JavaThread "Framework Event Dispatcher: Equinox Container: 6d04caea-1d42-413b-acea-1c3c161d142e" daemon [_thread_blocked, id=27288, stack(0x0000006833400000,0x0000006833500000) (1024K)]
  0x00000243f8c4f7e0 JavaThread "Start Level: Equinox Container: 6d04caea-1d42-413b-acea-1c3c161d142e" daemon [_thread_blocked, id=38784, stack(0x0000006833500000,0x0000006833600000) (1024K)]
  0x00000243f90f08d0 JavaThread "Bundle File Closer"         daemon [_thread_blocked, id=36392, stack(0x0000006833600000,0x0000006833700000) (1024K)]
  0x00000243f9a39eb0 JavaThread "SCR Component Actor"        daemon [_thread_blocked, id=37288, stack(0x0000006832700000,0x0000006832800000) (1024K)]
  0x00000243f9045ae0 JavaThread "Worker-JM"                         [_thread_blocked, id=15236, stack(0x0000006833700000,0x0000006833800000) (1024K)]
  0x00000243f9045450 JavaThread "JNA Cleaner"                daemon [_thread_blocked, id=17084, stack(0x0000006833800000,0x0000006833900000) (1024K)]
  0x00000243f9188f60 JavaThread "Worker-0"                          [_thread_blocked, id=33572, stack(0x0000006833900000,0x0000006833a00000) (1024K)]
  0x00000243f91895f0 JavaThread "Worker-1: Initialize Workspace"        [_thread_in_native, id=41512, stack(0x0000006833a00000,0x0000006833b00000) (1024K)]
  0x00000243f9187520 JavaThread "Java indexing"              daemon [_thread_blocked, id=43576, stack(0x0000006833e00000,0x0000006833f00000) (1024K)]
  0x00000243f918a9a0 JavaThread "Worker-2"                          [_thread_blocked, id=20668, stack(0x0000006833f00000,0x0000006834000000) (1024K)]
  0x00000243f918b6c0 JavaThread "Worker-3: Download sources and javadoc"        [_thread_in_vm, id=25036, stack(0x0000006834000000,0x0000006834100000) (1024K)]
  0x00000243f9189c80 JavaThread "Thread-1"                   daemon [_thread_in_native, id=29484, stack(0x0000006834100000,0x0000006834200000) (1024K)]
  0x00000243f918d790 JavaThread "Thread-2"                   daemon [_thread_in_native, id=30092, stack(0x0000006834200000,0x0000006834300000) (1024K)]
  0x00000243f918a310 JavaThread "Thread-3"                   daemon [_thread_in_native, id=34820, stack(0x0000006834300000,0x0000006834400000) (1024K)]
  0x00000243f9186e90 JavaThread "Thread-4"                   daemon [_thread_in_native, id=35664, stack(0x0000006834400000,0x0000006834500000) (1024K)]
  0x00000243f918bd50 JavaThread "Thread-5"                   daemon [_thread_in_native, id=10968, stack(0x0000006834500000,0x0000006834600000) (1024K)]
  0x00000243f918ca70 JavaThread "Thread-6"                   daemon [_thread_in_native, id=25908, stack(0x0000006834600000,0x0000006834700000) (1024K)]
  0x00000243f9187bb0 JavaThread "Thread-7"                   daemon [_thread_in_native, id=828, stack(0x0000006834700000,0x0000006834800000) (1024K)]
  0x00000243f918c3e0 JavaThread "Thread-8"                   daemon [_thread_in_native, id=17048, stack(0x0000006834800000,0x0000006834900000) (1024K)]
  0x00000243f918d100 JavaThread "Thread-9"                   daemon [_thread_in_native, id=436, stack(0x0000006834900000,0x0000006834a00000) (1024K)]
  0x00000243f9188240 JavaThread "Thread-10"                  daemon [_thread_in_native, id=15148, stack(0x0000006834a00000,0x0000006834b00000) (1024K)]
  0x00000243f91888d0 JavaThread "Thread-11"                  daemon [_thread_in_native, id=18316, stack(0x0000006834b00000,0x0000006834c00000) (1024K)]
  0x00000243f918de20 JavaThread "Thread-12"                  daemon [_thread_in_native, id=38180, stack(0x0000006834c00000,0x0000006834d00000) (1024K)]
  0x00000243f918e4b0 JavaThread "Thread-13"                  daemon [_thread_in_native, id=37208, stack(0x0000006834d00000,0x0000006834e00000) (1024K)]
  0x00000243faed3f50 JavaThread "pool-2-thread-1"                   [_thread_blocked, id=21108, stack(0x0000006834e00000,0x0000006834f00000) (1024K)]
  0x00000243faed5990 JavaThread "ForkJoinPool.commonPool-worker-1" daemon [_thread_blocked, id=28920, stack(0x0000006834f00000,0x0000006835000000) (1024K)]
  0x00000243faed5300 JavaThread "ForkJoinPool.commonPool-worker-2" daemon [_thread_blocked, id=43868, stack(0x0000006835000000,0x0000006835100000) (1024K)]
  0x00000243faed80f0 JavaThread "ForkJoinPool.commonPool-worker-3" daemon [_thread_blocked, id=33132, stack(0x0000006835100000,0x0000006835200000) (1024K)]
  0x00000243faed66b0 JavaThread "ForkJoinPool.commonPool-worker-4" daemon [_thread_blocked, id=23096, stack(0x0000006835200000,0x0000006835300000) (1024K)]
  0x00000243faed4c70 JavaThread "ForkJoinPool.commonPool-worker-5" daemon [_thread_blocked, id=9876, stack(0x0000006835300000,0x0000006835400000) (1024K)]
  0x00000243faed6020 JavaThread "ForkJoinPool.commonPool-worker-6" daemon [_thread_blocked, id=42208, stack(0x0000006835400000,0x0000006835500000) (1024K)]
  0x00000243faed6d40 JavaThread "ForkJoinPool.commonPool-worker-7" daemon [_thread_blocked, id=29900, stack(0x0000006835500000,0x0000006835600000) (1024K)]
  0x00000243faed73d0 JavaThread "WorkspaceEventsHandler"            [_thread_blocked, id=43332, stack(0x0000006835600000,0x0000006835700000) (1024K)]
  0x00000243faed7a60 JavaThread "pool-1-thread-1"                   [_thread_blocked, id=39028, stack(0x0000006835700000,0x0000006835800000) (1024K)]
  0x00000243faed1160 JavaThread "ProjectImportProgressReporter" daemon [_thread_blocked, id=34876, stack(0x0000006835800000,0x0000006835900000) (1024K)]
  0x00000243fad477f0 JavaThread "ForkJoinPool.commonPool-worker-8" daemon [_thread_blocked, id=10368, stack(0x0000006835e00000,0x0000006835f00000) (1024K)]
  0x00000243fad45db0 JavaThread "ForkJoinPool.commonPool-worker-9" daemon [_thread_blocked, id=42552, stack(0x0000006835f00000,0x0000006836000000) (1024K)]
  0x00000243fad46440 JavaThread "ForkJoinPool.commonPool-worker-10" daemon [_thread_blocked, id=33800, stack(0x0000006836000000,0x0000006836100000) (1024K)]
  0x00000243fad43ce0 JavaThread "ForkJoinPool.commonPool-worker-11" daemon [_thread_blocked, id=7476, stack(0x0000006836100000,0x0000006836200000) (1024K)]
  0x00000243f87e0810 JavaThread "C2 CompilerThread1"         daemon [_thread_in_native, id=21212, stack(0x0000006832800000,0x0000006832900000) (1024K)]
Total: 54

Other Threads:
  0x00000243f3a3f340 VMThread "VM Thread"                           [id=39168, stack(0x0000006831b00000,0x0000006831c00000) (1024K)]
  0x00000243f3a2abd0 WatcherThread "VM Periodic Task Thread"        [id=25904, stack(0x0000006831a00000,0x0000006831b00000) (1024K)]
  0x00000243dd182560 WorkerThread "GC Thread#0"                     [id=37764, stack(0x0000006831500000,0x0000006831600000) (1024K)]
  0x00000243f8d83540 WorkerThread "GC Thread#1"                     [id=18160, stack(0x0000006832900000,0x0000006832a00000) (1024K)]
  0x00000243f8af4560 WorkerThread "GC Thread#2"                     [id=11216, stack(0x0000006832a00000,0x0000006832b00000) (1024K)]
  0x00000243f826eb50 WorkerThread "GC Thread#3"                     [id=43752, stack(0x0000006832b00000,0x0000006832c00000) (1024K)]
  0x00000243f826ef00 WorkerThread "GC Thread#4"                     [id=43676, stack(0x0000006832c00000,0x0000006832d00000) (1024K)]
  0x00000243f826f2b0 WorkerThread "GC Thread#5"                     [id=6816, stack(0x0000006832d00000,0x0000006832e00000) (1024K)]
  0x00000243f8550ce0 WorkerThread "GC Thread#6"                     [id=10072, stack(0x0000006832e00000,0x0000006832f00000) (1024K)]
  0x00000243f8551090 WorkerThread "GC Thread#7"                     [id=28276, stack(0x0000006832f00000,0x0000006833000000) (1024K)]
  0x00000243f8551440 WorkerThread "GC Thread#8"                     [id=37812, stack(0x0000006833000000,0x0000006833100000) (1024K)]
  0x00000243f85517f0 WorkerThread "GC Thread#9"                     [id=26360, stack(0x0000006833100000,0x0000006833200000) (1024K)]
  0x00000243dd18b550 ConcurrentGCThread "G1 Main Marker"            [id=42052, stack(0x0000006831600000,0x0000006831700000) (1024K)]
  0x00000243dd18c060 WorkerThread "G1 Conc#0"                       [id=33368, stack(0x0000006831700000,0x0000006831800000) (1024K)]
  0x00000243f8f08700 WorkerThread "G1 Conc#1"                       [id=30644, stack(0x0000006833c00000,0x0000006833d00000) (1024K)]
  0x00000243fa336940 WorkerThread "G1 Conc#2"                       [id=21812, stack(0x0000006833d00000,0x0000006833e00000) (1024K)]
  0x00000243f38ef060 ConcurrentGCThread "G1 Refine#0"               [id=21148, stack(0x0000006831800000,0x0000006831900000) (1024K)]
  0x00000243f38efbe0 ConcurrentGCThread "G1 Service"                [id=33540, stack(0x0000006831900000,0x0000006831a00000) (1024K)]
Total: 18

Threads with active compile tasks:
C2 CompilerThread0  16033 10009   !   4       java.io.ObjectOutputStream::writeObject0 (620 bytes)
C1 CompilerThread0  16033 10057       3       java.nio.HeapByteBuffer::getInt (29 bytes)
C2 CompilerThread1  16033 10056       4       java.lang.invoke.MethodHandle::asTypeUncached (54 bytes)
Total: 3

VM state: not at safepoint (normal execution)

VM Mutex/Monitor currently owned by a thread: None

Heap address: 0x00000000c0000000, size: 1024 MB, Compressed Oops mode: 32-bit

CDS archive(s) mapped at: [0x0000024380000000-0x0000024380ba0000-0x0000024380ba0000), size 12189696, SharedBaseAddress: 0x0000024380000000, ArchiveRelocationMode: 1.
Compressed class space mapped at: 0x0000024381000000-0x00000243c1000000, reserved size: 1073741824
Narrow klass base: 0x0000024380000000, Narrow klass shift: 0, Narrow klass range: 0x100000000

GC Precious Log:
 CardTable entry size: 512
 Card Set container configuration: InlinePtr #cards 5 size 8 Array Of Cards #cards 12 size 40 Howl #buckets 4 coarsen threshold 1843 Howl Bitmap #cards 512 size 80 coarsen threshold 460 Card regions per heap region 1 cards per card region 2048
 CPUs: 12 total, 12 available
 Memory: 32609M
 Large Page Support: Disabled
 NUMA Support: Disabled
 Compressed Oops: Enabled (32-bit)
 Heap Region Size: 1M
 Heap Min Capacity: 8M
 Heap Initial Capacity: 510M
 Heap Max Capacity: 1G
 Pre-touch: Disabled
 Parallel Workers: 10
 Concurrent Workers: 3
 Concurrent Refinement Workers: 10
 Periodic GC: Disabled
 String Deduplication is enabled

Heap:
 garbage-first heap   total 157696K, used 65044K [0x00000000c0000000, 0x0000000100000000)
  region size 1024K, 23 young (23552K), 4 survivors (4096K)
 Metaspace       used 47652K, committed 48960K, reserved 1114112K
  class space    used 4926K, committed 5504K, reserved 1048576K

Heap Regions: E=young(eden), S=young(survivor), O=old, HS=humongous(starts), HC=humongous(continues), CS=collection set, F=free, TAMS=top-at-mark-start, PB=parsable bottom
|   0|0x00000000c0000000, 0x00000000c0100000, 0x00000000c0100000|100%| O|  |TAMS 0x00000000c0000000| PB 0x00000000c0000000| Untracked 
|   1|0x00000000c0100000, 0x00000000c0200000, 0x00000000c0200000|100%| O|  |TAMS 0x00000000c0100000| PB 0x00000000c0100000| Untracked 
|   2|0x00000000c0200000, 0x00000000c0300000, 0x00000000c0300000|100%| O|  |TAMS 0x00000000c0200000| PB 0x00000000c0200000| Untracked 
|   3|0x00000000c0300000, 0x00000000c0400000, 0x00000000c0400000|100%| O|  |TAMS 0x00000000c0300000| PB 0x00000000c0300000| Untracked 
|   4|0x00000000c0400000, 0x00000000c0500000, 0x00000000c0500000|100%|HS|  |TAMS 0x00000000c0400000| PB 0x00000000c0400000| Complete 
|   5|0x00000000c0500000, 0x00000000c0600000, 0x00000000c0600000|100%| O|  |TAMS 0x00000000c0500000| PB 0x00000000c0500000| Untracked 
|   6|0x00000000c0600000, 0x00000000c0700000, 0x00000000c0700000|100%| O|  |TAMS 0x00000000c0600000| PB 0x00000000c0600000| Untracked 
|   7|0x00000000c0700000, 0x00000000c0800000, 0x00000000c0800000|100%| O|  |TAMS 0x00000000c0700000| PB 0x00000000c0700000| Untracked 
|   8|0x00000000c0800000, 0x00000000c0900000, 0x00000000c0900000|100%| O|  |TAMS 0x00000000c0800000| PB 0x00000000c0800000| Untracked 
|   9|0x00000000c0900000, 0x00000000c0a00000, 0x00000000c0a00000|100%| O|  |TAMS 0x00000000c0900000| PB 0x00000000c0900000| Untracked 
|  10|0x00000000c0a00000, 0x00000000c0b00000, 0x00000000c0b00000|100%| O|  |TAMS 0x00000000c0a00000| PB 0x00000000c0a00000| Untracked 
|  11|0x00000000c0b00000, 0x00000000c0c00000, 0x00000000c0c00000|100%| O|  |TAMS 0x00000000c0b00000| PB 0x00000000c0b00000| Untracked 
|  12|0x00000000c0c00000, 0x00000000c0d00000, 0x00000000c0d00000|100%| O|  |TAMS 0x00000000c0c00000| PB 0x00000000c0c00000| Untracked 
|  13|0x00000000c0d00000, 0x00000000c0e00000, 0x00000000c0e00000|100%| O|  |TAMS 0x00000000c0d00000| PB 0x00000000c0d00000| Untracked 
|  14|0x00000000c0e00000, 0x00000000c0f00000, 0x00000000c0f00000|100%| O|  |TAMS 0x00000000c0e00000| PB 0x00000000c0e00000| Untracked 
|  15|0x00000000c0f00000, 0x00000000c1000000, 0x00000000c1000000|100%| O|  |TAMS 0x00000000c0f00000| PB 0x00000000c0f00000| Untracked 
|  16|0x00000000c1000000, 0x00000000c1100000, 0x00000000c1100000|100%| O|  |TAMS 0x00000000c1000000| PB 0x00000000c1000000| Untracked 
|  17|0x00000000c1100000, 0x00000000c1200000, 0x00000000c1200000|100%| O|Cm|TAMS 0x00000000c1100000| PB 0x00000000c1100000| Complete 
|  18|0x00000000c1200000, 0x00000000c1300000, 0x00000000c1300000|100%| O|  |TAMS 0x00000000c1200000| PB 0x00000000c1200000| Untracked 
|  19|0x00000000c1300000, 0x00000000c1400000, 0x00000000c1400000|100%| O|  |TAMS 0x00000000c1300000| PB 0x00000000c1300000| Untracked 
|  20|0x00000000c1400000, 0x00000000c1500000, 0x00000000c1500000|100%| O|  |TAMS 0x00000000c1400000| PB 0x00000000c1400000| Untracked 
|  21|0x00000000c1500000, 0x00000000c1600000, 0x00000000c1600000|100%| O|  |TAMS 0x00000000c1500000| PB 0x00000000c1500000| Untracked 
|  22|0x00000000c1600000, 0x00000000c1700000, 0x00000000c1700000|100%| O|  |TAMS 0x00000000c1600000| PB 0x00000000c1600000| Untracked 
|  23|0x00000000c1700000, 0x00000000c1800000, 0x00000000c1800000|100%| O|  |TAMS 0x00000000c1700000| PB 0x00000000c1700000| Untracked 
|  24|0x00000000c1800000, 0x00000000c1900000, 0x00000000c1900000|100%| O|  |TAMS 0x00000000c1800000| PB 0x00000000c1800000| Untracked 
|  25|0x00000000c1900000, 0x00000000c1a00000, 0x00000000c1a00000|100%| O|  |TAMS 0x00000000c1900000| PB 0x00000000c1900000| Untracked 
|  26|0x00000000c1a00000, 0x00000000c1b00000, 0x00000000c1b00000|100%|HS|  |TAMS 0x00000000c1a00000| PB 0x00000000c1a00000| Complete 
|  27|0x00000000c1b00000, 0x00000000c1c00000, 0x00000000c1c00000|100%| O|  |TAMS 0x00000000c1b00000| PB 0x00000000c1b00000| Untracked 
|  28|0x00000000c1c00000, 0x00000000c1d00000, 0x00000000c1d00000|100%| O|  |TAMS 0x00000000c1c00000| PB 0x00000000c1c00000| Untracked 
|  29|0x00000000c1d00000, 0x00000000c1e00000, 0x00000000c1e00000|100%| O|  |TAMS 0x00000000c1d00000| PB 0x00000000c1d00000| Untracked 
|  30|0x00000000c1e00000, 0x00000000c1f00000, 0x00000000c1f00000|100%| O|  |TAMS 0x00000000c1e00000| PB 0x00000000c1e00000| Untracked 
|  31|0x00000000c1f00000, 0x00000000c2000000, 0x00000000c2000000|100%| O|  |TAMS 0x00000000c1f00000| PB 0x00000000c1f00000| Untracked 
|  32|0x00000000c2000000, 0x00000000c2100000, 0x00000000c2100000|100%| O|  |TAMS 0x00000000c2000000| PB 0x00000000c2000000| Untracked 
|  33|0x00000000c2100000, 0x00000000c2200000, 0x00000000c2200000|100%| O|  |TAMS 0x00000000c2100000| PB 0x00000000c2100000| Untracked 
|  34|0x00000000c2200000, 0x00000000c2300000, 0x00000000c2300000|100%| O|  |TAMS 0x00000000c2200000| PB 0x00000000c2200000| Untracked 
|  35|0x00000000c2300000, 0x00000000c2400000, 0x00000000c2400000|100%| O|  |TAMS 0x00000000c2300000| PB 0x00000000c2300000| Untracked 
|  36|0x00000000c2400000, 0x00000000c2500000, 0x00000000c2500000|100%| O|  |TAMS 0x00000000c2400000| PB 0x00000000c2400000| Untracked 
|  37|0x00000000c2500000, 0x00000000c2600000, 0x00000000c2600000|100%| O|  |TAMS 0x00000000c2500000| PB 0x00000000c2500000| Untracked 
|  38|0x00000000c2600000, 0x00000000c2700000, 0x00000000c2700000|100%| O|  |TAMS 0x00000000c2600000| PB 0x00000000c2600000| Untracked 
|  39|0x00000000c2700000, 0x00000000c2800000, 0x00000000c2800000|100%| O|Cm|TAMS 0x00000000c2700000| PB 0x00000000c2700000| Complete 
|  40|0x00000000c2800000, 0x00000000c2900000, 0x00000000c2900000|100%| O|  |TAMS 0x00000000c2800000| PB 0x00000000c2800000| Untracked 
|  41|0x00000000c2900000, 0x00000000c2a00000, 0x00000000c2a00000|100%| O|  |TAMS 0x00000000c2900000| PB 0x00000000c2900000| Untracked 
|  42|0x00000000c2a00000, 0x00000000c2a00000, 0x00000000c2b00000|  0%| F|  |TAMS 0x00000000c2a00000| PB 0x00000000c2a00000| Untracked 
|  43|0x00000000c2b00000, 0x00000000c2b00000, 0x00000000c2c00000|  0%| F|  |TAMS 0x00000000c2b00000| PB 0x00000000c2b00000| Untracked 
|  44|0x00000000c2c00000, 0x00000000c2c00000, 0x00000000c2d00000|  0%| F|  |TAMS 0x00000000c2c00000| PB 0x00000000c2c00000| Untracked 
|  45|0x00000000c2d00000, 0x00000000c2d756c0, 0x00000000c2e00000| 45%| O|Cm|TAMS 0x00000000c2d00000| PB 0x00000000c2d00000| Complete 
|  46|0x00000000c2e00000, 0x00000000c2e00000, 0x00000000c2f00000|  0%| F|  |TAMS 0x00000000c2e00000| PB 0x00000000c2e00000| Untracked 
|  47|0x00000000c2f00000, 0x00000000c2f00000, 0x00000000c3000000|  0%| F|  |TAMS 0x00000000c2f00000| PB 0x00000000c2f00000| Untracked 
|  48|0x00000000c3000000, 0x00000000c3000000, 0x00000000c3100000|  0%| F|  |TAMS 0x00000000c3000000| PB 0x00000000c3000000| Untracked 
|  49|0x00000000c3100000, 0x00000000c3100000, 0x00000000c3200000|  0%| F|  |TAMS 0x00000000c3100000| PB 0x00000000c3100000| Untracked 
|  50|0x00000000c3200000, 0x00000000c3200000, 0x00000000c3300000|  0%| F|  |TAMS 0x00000000c3200000| PB 0x00000000c3200000| Untracked 
|  51|0x00000000c3300000, 0x00000000c3300000, 0x00000000c3400000|  0%| F|  |TAMS 0x00000000c3300000| PB 0x00000000c3300000| Untracked 
|  52|0x00000000c3400000, 0x00000000c3400000, 0x00000000c3500000|  0%| F|  |TAMS 0x00000000c3400000| PB 0x00000000c3400000| Untracked 
|  53|0x00000000c3500000, 0x00000000c3500000, 0x00000000c3600000|  0%| F|  |TAMS 0x00000000c3500000| PB 0x00000000c3500000| Untracked 
|  54|0x00000000c3600000, 0x00000000c3600000, 0x00000000c3700000|  0%| F|  |TAMS 0x00000000c3600000| PB 0x00000000c3600000| Untracked 
|  55|0x00000000c3700000, 0x00000000c3700000, 0x00000000c3800000|  0%| F|  |TAMS 0x00000000c3700000| PB 0x00000000c3700000| Untracked 
|  56|0x00000000c3800000, 0x00000000c3800000, 0x00000000c3900000|  0%| F|  |TAMS 0x00000000c3800000| PB 0x00000000c3800000| Untracked 
|  57|0x00000000c3900000, 0x00000000c3900000, 0x00000000c3a00000|  0%| F|  |TAMS 0x00000000c3900000| PB 0x00000000c3900000| Untracked 
|  58|0x00000000c3a00000, 0x00000000c3a00000, 0x00000000c3b00000|  0%| F|  |TAMS 0x00000000c3a00000| PB 0x00000000c3a00000| Untracked 
|  59|0x00000000c3b00000, 0x00000000c3b0fa00, 0x00000000c3c00000|  6%| S|CS|TAMS 0x00000000c3b00000| PB 0x00000000c3b00000| Complete 
|  60|0x00000000c3c00000, 0x00000000c3d00000, 0x00000000c3d00000|100%| S|CS|TAMS 0x00000000c3c00000| PB 0x00000000c3c00000| Complete 
|  61|0x00000000c3d00000, 0x00000000c3e00000, 0x00000000c3e00000|100%| S|CS|TAMS 0x00000000c3d00000| PB 0x00000000c3d00000| Complete 
|  62|0x00000000c3e00000, 0x00000000c3f00000, 0x00000000c3f00000|100%| S|CS|TAMS 0x00000000c3e00000| PB 0x00000000c3e00000| Complete 
|  63|0x00000000c3f00000, 0x00000000c3f00000, 0x00000000c4000000|  0%| F|  |TAMS 0x00000000c3f00000| PB 0x00000000c3f00000| Untracked 
|  64|0x00000000c4000000, 0x00000000c4000000, 0x00000000c4100000|  0%| F|  |TAMS 0x00000000c4000000| PB 0x00000000c4000000| Untracked 
|  65|0x00000000c4100000, 0x00000000c4100000, 0x00000000c4200000|  0%| F|  |TAMS 0x00000000c4100000| PB 0x00000000c4100000| Untracked 
|  66|0x00000000c4200000, 0x00000000c4200000, 0x00000000c4300000|  0%| F|  |TAMS 0x00000000c4200000| PB 0x00000000c4200000| Untracked 
|  67|0x00000000c4300000, 0x00000000c4300000, 0x00000000c4400000|  0%| F|  |TAMS 0x00000000c4300000| PB 0x00000000c4300000| Untracked 
|  68|0x00000000c4400000, 0x00000000c4400000, 0x00000000c4500000|  0%| F|  |TAMS 0x00000000c4400000| PB 0x00000000c4400000| Untracked 
|  69|0x00000000c4500000, 0x00000000c4500000, 0x00000000c4600000|  0%| F|  |TAMS 0x00000000c4500000| PB 0x00000000c4500000| Untracked 
|  70|0x00000000c4600000, 0x00000000c4600000, 0x00000000c4700000|  0%| F|  |TAMS 0x00000000c4600000| PB 0x00000000c4600000| Untracked 
|  71|0x00000000c4700000, 0x00000000c4700000, 0x00000000c4800000|  0%| F|  |TAMS 0x00000000c4700000| PB 0x00000000c4700000| Untracked 
|  72|0x00000000c4800000, 0x00000000c4800000, 0x00000000c4900000|  0%| F|  |TAMS 0x00000000c4800000| PB 0x00000000c4800000| Untracked 
|  73|0x00000000c4900000, 0x00000000c4900000, 0x00000000c4a00000|  0%| F|  |TAMS 0x00000000c4900000| PB 0x00000000c4900000| Untracked 
|  74|0x00000000c4a00000, 0x00000000c4a00000, 0x00000000c4b00000|  0%| F|  |TAMS 0x00000000c4a00000| PB 0x00000000c4a00000| Untracked 
|  75|0x00000000c4b00000, 0x00000000c4b00000, 0x00000000c4c00000|  0%| F|  |TAMS 0x00000000c4b00000| PB 0x00000000c4b00000| Untracked 
|  76|0x00000000c4c00000, 0x00000000c4c00000, 0x00000000c4d00000|  0%| F|  |TAMS 0x00000000c4c00000| PB 0x00000000c4c00000| Untracked 
|  77|0x00000000c4d00000, 0x00000000c4d00000, 0x00000000c4e00000|  0%| F|  |TAMS 0x00000000c4d00000| PB 0x00000000c4d00000| Untracked 
|  78|0x00000000c4e00000, 0x00000000c4e00000, 0x00000000c4f00000|  0%| F|  |TAMS 0x00000000c4e00000| PB 0x00000000c4e00000| Untracked 
|  79|0x00000000c4f00000, 0x00000000c4f00000, 0x00000000c5000000|  0%| F|  |TAMS 0x00000000c4f00000| PB 0x00000000c4f00000| Untracked 
|  80|0x00000000c5000000, 0x00000000c5000000, 0x00000000c5100000|  0%| F|  |TAMS 0x00000000c5000000| PB 0x00000000c5000000| Untracked 
|  81|0x00000000c5100000, 0x00000000c5100000, 0x00000000c5200000|  0%| F|  |TAMS 0x00000000c5100000| PB 0x00000000c5100000| Untracked 
|  82|0x00000000c5200000, 0x00000000c5200000, 0x00000000c5300000|  0%| F|  |TAMS 0x00000000c5200000| PB 0x00000000c5200000| Untracked 
|  83|0x00000000c5300000, 0x00000000c5300000, 0x00000000c5400000|  0%| F|  |TAMS 0x00000000c5300000| PB 0x00000000c5300000| Untracked 
|  84|0x00000000c5400000, 0x00000000c5400000, 0x00000000c5500000|  0%| F|  |TAMS 0x00000000c5400000| PB 0x00000000c5400000| Untracked 
|  85|0x00000000c5500000, 0x00000000c5500000, 0x00000000c5600000|  0%| F|  |TAMS 0x00000000c5500000| PB 0x00000000c5500000| Untracked 
|  86|0x00000000c5600000, 0x00000000c5600000, 0x00000000c5700000|  0%| F|  |TAMS 0x00000000c5600000| PB 0x00000000c5600000| Untracked 
|  87|0x00000000c5700000, 0x00000000c5700000, 0x00000000c5800000|  0%| F|  |TAMS 0x00000000c5700000| PB 0x00000000c5700000| Untracked 
|  88|0x00000000c5800000, 0x00000000c5800000, 0x00000000c5900000|  0%| F|  |TAMS 0x00000000c5800000| PB 0x00000000c5800000| Untracked 
|  89|0x00000000c5900000, 0x00000000c5900000, 0x00000000c5a00000|  0%| F|  |TAMS 0x00000000c5900000| PB 0x00000000c5900000| Untracked 
|  90|0x00000000c5a00000, 0x00000000c5a00000, 0x00000000c5b00000|  0%| F|  |TAMS 0x00000000c5a00000| PB 0x00000000c5a00000| Untracked 
|  91|0x00000000c5b00000, 0x00000000c5b00000, 0x00000000c5c00000|  0%| F|  |TAMS 0x00000000c5b00000| PB 0x00000000c5b00000| Untracked 
|  92|0x00000000c5c00000, 0x00000000c5c00000, 0x00000000c5d00000|  0%| F|  |TAMS 0x00000000c5c00000| PB 0x00000000c5c00000| Untracked 
|  93|0x00000000c5d00000, 0x00000000c5d00000, 0x00000000c5e00000|  0%| F|  |TAMS 0x00000000c5d00000| PB 0x00000000c5d00000| Untracked 
|  94|0x00000000c5e00000, 0x00000000c5e00000, 0x00000000c5f00000|  0%| F|  |TAMS 0x00000000c5e00000| PB 0x00000000c5e00000| Untracked 
|  95|0x00000000c5f00000, 0x00000000c5f00000, 0x00000000c6000000|  0%| F|  |TAMS 0x00000000c5f00000| PB 0x00000000c5f00000| Untracked 
|  96|0x00000000c6000000, 0x00000000c6000000, 0x00000000c6100000|  0%| F|  |TAMS 0x00000000c6000000| PB 0x00000000c6000000| Untracked 
|  97|0x00000000c6100000, 0x00000000c6100000, 0x00000000c6200000|  0%| F|  |TAMS 0x00000000c6100000| PB 0x00000000c6100000| Untracked 
|  98|0x00000000c6200000, 0x00000000c6200000, 0x00000000c6300000|  0%| F|  |TAMS 0x00000000c6200000| PB 0x00000000c6200000| Untracked 
|  99|0x00000000c6300000, 0x00000000c6300000, 0x00000000c6400000|  0%| F|  |TAMS 0x00000000c6300000| PB 0x00000000c6300000| Untracked 
| 100|0x00000000c6400000, 0x00000000c6400000, 0x00000000c6500000|  0%| F|  |TAMS 0x00000000c6400000| PB 0x00000000c6400000| Untracked 
| 101|0x00000000c6500000, 0x00000000c6500000, 0x00000000c6600000|  0%| F|  |TAMS 0x00000000c6500000| PB 0x00000000c6500000| Untracked 
| 102|0x00000000c6600000, 0x00000000c6600000, 0x00000000c6700000|  0%| F|  |TAMS 0x00000000c6600000| PB 0x00000000c6600000| Untracked 
| 103|0x00000000c6700000, 0x00000000c6700000, 0x00000000c6800000|  0%| F|  |TAMS 0x00000000c6700000| PB 0x00000000c6700000| Untracked 
| 104|0x00000000c6800000, 0x00000000c6800000, 0x00000000c6900000|  0%| F|  |TAMS 0x00000000c6800000| PB 0x00000000c6800000| Untracked 
| 105|0x00000000c6900000, 0x00000000c6900000, 0x00000000c6a00000|  0%| F|  |TAMS 0x00000000c6900000| PB 0x00000000c6900000| Untracked 
| 106|0x00000000c6a00000, 0x00000000c6a00000, 0x00000000c6b00000|  0%| F|  |TAMS 0x00000000c6a00000| PB 0x00000000c6a00000| Untracked 
| 107|0x00000000c6b00000, 0x00000000c6b00000, 0x00000000c6c00000|  0%| F|  |TAMS 0x00000000c6b00000| PB 0x00000000c6b00000| Untracked 
| 108|0x00000000c6c00000, 0x00000000c6c00000, 0x00000000c6d00000|  0%| F|  |TAMS 0x00000000c6c00000| PB 0x00000000c6c00000| Untracked 
| 109|0x00000000c6d00000, 0x00000000c6d00000, 0x00000000c6e00000|  0%| F|  |TAMS 0x00000000c6d00000| PB 0x00000000c6d00000| Untracked 
| 110|0x00000000c6e00000, 0x00000000c6e00000, 0x00000000c6f00000|  0%| F|  |TAMS 0x00000000c6e00000| PB 0x00000000c6e00000| Untracked 
| 111|0x00000000c6f00000, 0x00000000c6f00000, 0x00000000c7000000|  0%| F|  |TAMS 0x00000000c6f00000| PB 0x00000000c6f00000| Untracked 
| 112|0x00000000c7000000, 0x00000000c7000000, 0x00000000c7100000|  0%| F|  |TAMS 0x00000000c7000000| PB 0x00000000c7000000| Untracked 
| 113|0x00000000c7100000, 0x00000000c7100000, 0x00000000c7200000|  0%| F|  |TAMS 0x00000000c7100000| PB 0x00000000c7100000| Untracked 
| 114|0x00000000c7200000, 0x00000000c7200000, 0x00000000c7300000|  0%| F|  |TAMS 0x00000000c7200000| PB 0x00000000c7200000| Untracked 
| 115|0x00000000c7300000, 0x00000000c7300000, 0x00000000c7400000|  0%| F|  |TAMS 0x00000000c7300000| PB 0x00000000c7300000| Untracked 
| 116|0x00000000c7400000, 0x00000000c7400000, 0x00000000c7500000|  0%| F|  |TAMS 0x00000000c7400000| PB 0x00000000c7400000| Untracked 
| 117|0x00000000c7500000, 0x00000000c7500000, 0x00000000c7600000|  0%| F|  |TAMS 0x00000000c7500000| PB 0x00000000c7500000| Untracked 
| 118|0x00000000c7600000, 0x00000000c7600000, 0x00000000c7700000|  0%| F|  |TAMS 0x00000000c7600000| PB 0x00000000c7600000| Untracked 
| 119|0x00000000c7700000, 0x00000000c7700000, 0x00000000c7800000|  0%| F|  |TAMS 0x00000000c7700000| PB 0x00000000c7700000| Untracked 
| 120|0x00000000c7800000, 0x00000000c7800000, 0x00000000c7900000|  0%| F|  |TAMS 0x00000000c7800000| PB 0x00000000c7800000| Untracked 
| 121|0x00000000c7900000, 0x00000000c7900000, 0x00000000c7a00000|  0%| F|  |TAMS 0x00000000c7900000| PB 0x00000000c7900000| Untracked 
| 122|0x00000000c7a00000, 0x00000000c7a00000, 0x00000000c7b00000|  0%| F|  |TAMS 0x00000000c7a00000| PB 0x00000000c7a00000| Untracked 
| 123|0x00000000c7b00000, 0x00000000c7b00000, 0x00000000c7c00000|  0%| F|  |TAMS 0x00000000c7b00000| PB 0x00000000c7b00000| Untracked 
| 124|0x00000000c7c00000, 0x00000000c7c00000, 0x00000000c7d00000|  0%| F|  |TAMS 0x00000000c7c00000| PB 0x00000000c7c00000| Untracked 
| 125|0x00000000c7d00000, 0x00000000c7d00000, 0x00000000c7e00000|  0%| F|  |TAMS 0x00000000c7d00000| PB 0x00000000c7d00000| Untracked 
| 126|0x00000000c7e00000, 0x00000000c7e00000, 0x00000000c7f00000|  0%| F|  |TAMS 0x00000000c7e00000| PB 0x00000000c7e00000| Untracked 
| 127|0x00000000c7f00000, 0x00000000c7f00000, 0x00000000c8000000|  0%| F|  |TAMS 0x00000000c7f00000| PB 0x00000000c7f00000| Untracked 
| 128|0x00000000c8000000, 0x00000000c8000000, 0x00000000c8100000|  0%| F|  |TAMS 0x00000000c8000000| PB 0x00000000c8000000| Untracked 
| 129|0x00000000c8100000, 0x00000000c8100000, 0x00000000c8200000|  0%| F|  |TAMS 0x00000000c8100000| PB 0x00000000c8100000| Untracked 
| 130|0x00000000c8200000, 0x00000000c8200000, 0x00000000c8300000|  0%| F|  |TAMS 0x00000000c8200000| PB 0x00000000c8200000| Untracked 
| 131|0x00000000c8300000, 0x00000000c8300000, 0x00000000c8400000|  0%| F|  |TAMS 0x00000000c8300000| PB 0x00000000c8300000| Untracked 
| 132|0x00000000c8400000, 0x00000000c8400000, 0x00000000c8500000|  0%| F|  |TAMS 0x00000000c8400000| PB 0x00000000c8400000| Untracked 
| 133|0x00000000c8500000, 0x00000000c8500000, 0x00000000c8600000|  0%| F|  |TAMS 0x00000000c8500000| PB 0x00000000c8500000| Untracked 
| 134|0x00000000c8600000, 0x00000000c86438b8, 0x00000000c8700000| 26%| E|  |TAMS 0x00000000c8600000| PB 0x00000000c8600000| Complete 
| 135|0x00000000c8700000, 0x00000000c8800000, 0x00000000c8800000|100%| E|CS|TAMS 0x00000000c8700000| PB 0x00000000c8700000| Complete 
| 136|0x00000000c8800000, 0x00000000c8900000, 0x00000000c8900000|100%| E|CS|TAMS 0x00000000c8800000| PB 0x00000000c8800000| Complete 
| 137|0x00000000c8900000, 0x00000000c8a00000, 0x00000000c8a00000|100%| E|CS|TAMS 0x00000000c8900000| PB 0x00000000c8900000| Complete 
| 138|0x00000000c8a00000, 0x00000000c8b00000, 0x00000000c8b00000|100%| E|CS|TAMS 0x00000000c8a00000| PB 0x00000000c8a00000| Complete 
| 139|0x00000000c8b00000, 0x00000000c8c00000, 0x00000000c8c00000|100%| E|CS|TAMS 0x00000000c8b00000| PB 0x00000000c8b00000| Complete 
| 140|0x00000000c8c00000, 0x00000000c8d00000, 0x00000000c8d00000|100%| E|CS|TAMS 0x00000000c8c00000| PB 0x00000000c8c00000| Complete 
| 141|0x00000000c8d00000, 0x00000000c8e00000, 0x00000000c8e00000|100%| E|CS|TAMS 0x00000000c8d00000| PB 0x00000000c8d00000| Complete 
| 142|0x00000000c8e00000, 0x00000000c8f00000, 0x00000000c8f00000|100%| E|CS|TAMS 0x00000000c8e00000| PB 0x00000000c8e00000| Complete 
| 143|0x00000000c8f00000, 0x00000000c9000000, 0x00000000c9000000|100%| E|CS|TAMS 0x00000000c8f00000| PB 0x00000000c8f00000| Complete 
| 144|0x00000000c9000000, 0x00000000c9100000, 0x00000000c9100000|100%| E|CS|TAMS 0x00000000c9000000| PB 0x00000000c9000000| Complete 
| 145|0x00000000c9100000, 0x00000000c9200000, 0x00000000c9200000|100%| E|CS|TAMS 0x00000000c9100000| PB 0x00000000c9100000| Complete 
| 146|0x00000000c9200000, 0x00000000c9300000, 0x00000000c9300000|100%| E|CS|TAMS 0x00000000c9200000| PB 0x00000000c9200000| Complete 
| 147|0x00000000c9300000, 0x00000000c9400000, 0x00000000c9400000|100%| E|CS|TAMS 0x00000000c9300000| PB 0x00000000c9300000| Complete 
| 148|0x00000000c9400000, 0x00000000c9500000, 0x00000000c9500000|100%| E|  |TAMS 0x00000000c9400000| PB 0x00000000c9400000| Complete 
| 149|0x00000000c9500000, 0x00000000c9600000, 0x00000000c9600000|100%| E|CS|TAMS 0x00000000c9500000| PB 0x00000000c9500000| Complete 
| 150|0x00000000c9600000, 0x00000000c9700000, 0x00000000c9700000|100%| E|CS|TAMS 0x00000000c9600000| PB 0x00000000c9600000| Complete 
| 508|0x00000000dfc00000, 0x00000000dfd00000, 0x00000000dfd00000|100%| E|CS|TAMS 0x00000000dfc00000| PB 0x00000000dfc00000| Complete 
| 509|0x00000000dfd00000, 0x00000000dfe00000, 0x00000000dfe00000|100%| E|CS|TAMS 0x00000000dfd00000| PB 0x00000000dfd00000| Complete 
|1023|0x00000000fff00000, 0x0000000100000000, 0x0000000100000000|100%| O|  |TAMS 0x00000000fff00000| PB 0x00000000fff00000| Untracked 

Card table byte_map: [0x00000243efa90000,0x00000243efc90000] _byte_map_base: 0x00000243ef490000

Marking Bits: (CMBitMap*) 0x00000243dd182c70
 Bits: [0x00000243efc90000, 0x00000243f0c90000)

Polling page: 0x00000243dae80000

Metaspace:

Usage:
  Non-class:     41.74 MB used.
      Class:      4.81 MB used.
       Both:     46.56 MB used.

Virtual space:
  Non-class space:       64.00 MB reserved,      42.50 MB ( 66%) committed,  1 nodes.
      Class space:        1.00 GB reserved,       5.38 MB ( <1%) committed,  1 nodes.
             Both:        1.06 GB reserved,      47.88 MB (  4%) committed. 

Chunk freelists:
   Non-Class:  5.48 MB
       Class:  10.55 MB
        Both:  16.03 MB

MaxMetaspaceSize: unlimited
CompressedClassSpaceSize: 1.00 GB
Initial GC threshold: 21.00 MB
Current GC threshold: 78.13 MB
CDS: on
 - commit_granule_bytes: 65536.
 - commit_granule_words: 8192.
 - virtual_space_node_default_size: 8388608.
 - enlarge_chunks_in_place: 1.
 - use_allocation_guard: 0.


Internal statistics:

num_allocs_failed_limit: 6.
num_arena_births: 1020.
num_arena_deaths: 16.
num_vsnodes_births: 2.
num_vsnodes_deaths: 0.
num_space_committed: 766.
num_space_uncommitted: 0.
num_chunks_returned_to_freelist: 23.
num_chunks_taken_from_freelist: 3195.
num_chunk_merges: 10.
num_chunk_splits: 1982.
num_chunks_enlarged: 1115.
num_inconsistent_stats: 0.

CodeHeap 'non-profiled nmethods': size=120000Kb used=5361Kb max_used=5361Kb free=114638Kb
 bounds [0x00000243e7e10000, 0x00000243e8350000, 0x00000243ef340000]
CodeHeap 'profiled nmethods': size=120000Kb used=18183Kb max_used=18183Kb free=101817Kb
 bounds [0x00000243e0340000, 0x00000243e1510000, 0x00000243e7870000]
CodeHeap 'non-nmethods': size=5760Kb used=1521Kb max_used=1628Kb free=4239Kb
 bounds [0x00000243e7870000, 0x00000243e7ae0000, 0x00000243e7e10000]
CodeCache: size=245760Kb, used=25065Kb, max_used=25172Kb, free=220694Kb
 total_blobs=9277, nmethods=8604, adapters=577, full_count=0
Compilation: enabled, stopped_count=0, restarted_count=0

Compilation events (20 events):
Event: 15.947 Thread 0x00000243f3a9bea0 10019       3       java.io.FileNotFoundException::<init> (55 bytes)
Event: 15.948 Thread 0x00000243f3a9bea0 nmethod 10019 0x00000243e14e8d90 code [0x00000243e14e9040, 0x00000243e14e9ae8]
Event: 15.965 Thread 0x00000243f3a9bea0 10020       3       org.eclipse.core.runtime.NullProgressMonitor::<init> (10 bytes)
Event: 15.965 Thread 0x00000243f3a9bea0 nmethod 10020 0x00000243e14e9f10 code [0x00000243e14ea0c0, 0x00000243e14ea238]
Event: 15.966 Thread 0x00000243f3a9bea0 10021       3       org.eclipse.core.internal.jobs.JobManager::lifeTimeInMs (19 bytes)
Event: 15.966 Thread 0x00000243f3a9bea0 nmethod 10021 0x00000243e14ea310 code [0x00000243e14ea4c0, 0x00000243e14ea6e8]
Event: 15.966 Thread 0x00000243f3a9bea0 10022       3       org.eclipse.core.internal.jobs.JobManager::now (16 bytes)
Event: 15.967 Thread 0x00000243f3a9bea0 nmethod 10022 0x00000243e14ea810 code [0x00000243e14eaa20, 0x00000243e14eb008]
Event: 15.967 Thread 0x00000243f3a9bea0 10023       3       org.eclipse.core.internal.jobs.JobManager$$Lambda/0x0000024381192190::<init> (10 bytes)
Event: 15.967 Thread 0x00000243f3a9bea0 nmethod 10023 0x00000243e14eb290 code [0x00000243e14eb440, 0x00000243e14eb5f8]
Event: 15.968 Thread 0x00000243f3a9bea0 10026       3       org.eclipse.m2e.jdt.internal.MavenClasspathContainerSaveHelper$LibraryEntryReplace::<init> (65 bytes)
Event: 15.968 Thread 0x00000243f3a9bea0 nmethod 10026 0x00000243e14eb690 code [0x00000243e14eb880, 0x00000243e14ebdf0]
Event: 15.973 Thread 0x00000243f3a9bea0 10027       3       java.util.concurrent.atomic.AtomicLong::addAndGet (14 bytes)
Event: 15.973 Thread 0x00000243f3a9bea0 nmethod 10027 0x00000243e14ec010 code [0x00000243e14ec1a0, 0x00000243e14ec2c0]
Event: 15.973 Thread 0x00000243f3a9bea0 10028       3       java.nio.ByteBuffer::<init> (14 bytes)
Event: 15.973 Thread 0x00000243f3a9bea0 nmethod 10028 0x00000243e14ec390 code [0x00000243e14ec540, 0x00000243e14ec690]
Event: 15.973 Thread 0x00000243f3a9bea0 10029       3       java.nio.MappedByteBuffer::limit (6 bytes)
Event: 15.973 Thread 0x00000243f3a9bea0 nmethod 10029 0x00000243e14ec790 code [0x00000243e14ec940, 0x00000243e14ecb50]
Event: 15.980 Thread 0x00000243f3a9bea0 10030   !   3       org.eclipse.sisu.inject.InjectorBindings::getWildcardBindings (152 bytes)
Event: 15.982 Thread 0x00000243f3a9bea0 nmethod 10030 0x00000243e14ecc90 code [0x00000243e14ecf80, 0x00000243e14ee380]

GC Heap History (20 events):
Event: 11.379 GC heap before
{Heap before GC invocations=17 (full 0):
 garbage-first heap   total 70656K, used 60937K [0x00000000c0000000, 0x0000000100000000)
  region size 1024K, 27 young (27648K), 3 survivors (3072K)
 Metaspace       used 44648K, committed 45952K, reserved 1114112K
  class space    used 4664K, committed 5248K, reserved 1048576K
}
Event: 11.381 GC heap after
{Heap after GC invocations=18 (full 0):
 garbage-first heap   total 70656K, used 37849K [0x00000000c0000000, 0x0000000100000000)
  region size 1024K, 2 young (2048K), 2 survivors (2048K)
 Metaspace       used 44648K, committed 45952K, reserved 1114112K
  class space    used 4664K, committed 5248K, reserved 1048576K
}
Event: 11.617 GC heap before
{Heap before GC invocations=18 (full 0):
 garbage-first heap   total 70656K, used 63449K [0x00000000c0000000, 0x0000000100000000)
  region size 1024K, 27 young (27648K), 2 survivors (2048K)
 Metaspace       used 44789K, committed 46080K, reserved 1114112K
  class space    used 4664K, committed 5248K, reserved 1048576K
}
Event: 11.620 GC heap after
{Heap after GC invocations=19 (full 0):
 garbage-first heap   total 70656K, used 39250K [0x00000000c0000000, 0x0000000100000000)
  region size 1024K, 4 young (4096K), 4 survivors (4096K)
 Metaspace       used 44789K, committed 46080K, reserved 1114112K
  class space    used 4664K, committed 5248K, reserved 1048576K
}
Event: 11.982 GC heap before
{Heap before GC invocations=19 (full 0):
 garbage-first heap   total 70656K, used 62802K [0x00000000c0000000, 0x0000000100000000)
  region size 1024K, 27 young (27648K), 4 survivors (4096K)
 Metaspace       used 45088K, committed 46400K, reserved 1114112K
  class space    used 4697K, committed 5248K, reserved 1048576K
}
Event: 11.984 GC heap after
{Heap after GC invocations=20 (full 0):
 garbage-first heap   total 70656K, used 40599K [0x00000000c0000000, 0x0000000100000000)
  region size 1024K, 2 young (2048K), 2 survivors (2048K)
 Metaspace       used 45088K, committed 46400K, reserved 1114112K
  class space    used 4697K, committed 5248K, reserved 1048576K
}
Event: 12.809 GC heap before
{Heap before GC invocations=21 (full 0):
 garbage-first heap   total 70656K, used 63127K [0x00000000c0000000, 0x0000000100000000)
  region size 1024K, 25 young (25600K), 2 survivors (2048K)
 Metaspace       used 45943K, committed 47232K, reserved 1114112K
  class space    used 4811K, committed 5376K, reserved 1048576K
}
Event: 12.812 GC heap after
{Heap after GC invocations=22 (full 0):
 garbage-first heap   total 70656K, used 41691K [0x00000000c0000000, 0x0000000100000000)
  region size 1024K, 3 young (3072K), 3 survivors (3072K)
 Metaspace       used 45943K, committed 47232K, reserved 1114112K
  class space    used 4811K, committed 5376K, reserved 1048576K
}
Event: 13.047 GC heap before
{Heap before GC invocations=22 (full 0):
 garbage-first heap   total 70656K, used 63195K [0x00000000c0000000, 0x0000000100000000)
  region size 1024K, 25 young (25600K), 3 survivors (3072K)
 Metaspace       used 46300K, committed 47616K, reserved 1114112K
  class space    used 4845K, committed 5440K, reserved 1048576K
}
Event: 13.051 GC heap after
{Heap after GC invocations=23 (full 0):
 garbage-first heap   total 71680K, used 42339K [0x00000000c0000000, 0x0000000100000000)
  region size 1024K, 4 young (4096K), 4 survivors (4096K)
 Metaspace       used 46300K, committed 47616K, reserved 1114112K
  class space    used 4845K, committed 5440K, reserved 1048576K
}
Event: 13.097 GC heap before
{Heap before GC invocations=23 (full 0):
 garbage-first heap   total 71680K, used 63843K [0x00000000c0000000, 0x0000000100000000)
  region size 1024K, 26 young (26624K), 4 survivors (4096K)
 Metaspace       used 46352K, committed 47680K, reserved 1114112K
  class space    used 4845K, committed 5440K, reserved 1048576K
}
Event: 13.101 GC heap after
{Heap after GC invocations=24 (full 0):
 garbage-first heap   total 71680K, used 43044K [0x00000000c0000000, 0x0000000100000000)
  region size 1024K, 2 young (2048K), 2 survivors (2048K)
 Metaspace       used 46352K, committed 47680K, reserved 1114112K
  class space    used 4845K, committed 5440K, reserved 1048576K
}
Event: 13.664 GC heap before
{Heap before GC invocations=25 (full 0):
 garbage-first heap   total 73728K, used 64548K [0x00000000c0000000, 0x0000000100000000)
  region size 1024K, 24 young (24576K), 2 survivors (2048K)
 Metaspace       used 46539K, committed 47872K, reserved 1114112K
  class space    used 4853K, committed 5440K, reserved 1048576K
}
Event: 13.666 GC heap after
{Heap after GC invocations=26 (full 0):
 garbage-first heap   total 73728K, used 43527K [0x00000000c0000000, 0x0000000100000000)
  region size 1024K, 2 young (2048K), 2 survivors (2048K)
 Metaspace       used 46539K, committed 47872K, reserved 1114112K
  class space    used 4853K, committed 5440K, reserved 1048576K
}
Event: 13.749 GC heap before
{Heap before GC invocations=26 (full 0):
 garbage-first heap   total 73728K, used 67079K [0x00000000c0000000, 0x0000000100000000)
  region size 1024K, 26 young (26624K), 2 survivors (2048K)
 Metaspace       used 46649K, committed 48000K, reserved 1114112K
  class space    used 4859K, committed 5440K, reserved 1048576K
}
Event: 13.754 GC heap after
{Heap after GC invocations=27 (full 0):
 garbage-first heap   total 74752K, used 44994K [0x00000000c0000000, 0x0000000100000000)
  region size 1024K, 4 young (4096K), 4 survivors (4096K)
 Metaspace       used 46649K, committed 48000K, reserved 1114112K
  class space    used 4859K, committed 5440K, reserved 1048576K
}
Event: 13.812 GC heap before
{Heap before GC invocations=27 (full 0):
 garbage-first heap   total 74752K, used 68546K [0x00000000c0000000, 0x0000000100000000)
  region size 1024K, 27 young (27648K), 4 survivors (4096K)
 Metaspace       used 46700K, committed 48000K, reserved 1114112K
  class space    used 4859K, committed 5440K, reserved 1048576K
}
Event: 13.816 GC heap after
{Heap after GC invocations=28 (full 0):
 garbage-first heap   total 299008K, used 45858K [0x00000000c0000000, 0x0000000100000000)
  region size 1024K, 2 young (2048K), 2 survivors (2048K)
 Metaspace       used 46700K, committed 48000K, reserved 1114112K
  class space    used 4859K, committed 5440K, reserved 1048576K
}
Event: 14.841 GC heap before
{Heap before GC invocations=29 (full 0):
 garbage-first heap   total 157696K, used 136994K [0x00000000c0000000, 0x0000000100000000)
  region size 1024K, 92 young (94208K), 2 survivors (2048K)
 Metaspace       used 47058K, committed 48384K, reserved 1114112K
  class space    used 4870K, committed 5440K, reserved 1048576K
}
Event: 14.844 GC heap after
{Heap after GC invocations=30 (full 0):
 garbage-first heap   total 157696K, used 47636K [0x00000000c0000000, 0x0000000100000000)
  region size 1024K, 4 young (4096K), 4 survivors (4096K)
 Metaspace       used 47058K, committed 48384K, reserved 1114112K
  class space    used 4870K, committed 5440K, reserved 1048576K
}

Dll operation events (9 events):
Event: 0.027 Loaded shared library c:\Users\10211\.cursor\extensions\redhat.java-1.54.0-win32-x64\jre\21.0.10-win32-x86_64\bin\java.dll
Event: 0.071 Loaded shared library c:\Users\10211\.cursor\extensions\redhat.java-1.54.0-win32-x64\jre\21.0.10-win32-x86_64\bin\zip.dll
Event: 0.189 Loaded shared library C:\Users\10211\.cursor\extensions\redhat.java-1.54.0-win32-x64\jre\21.0.10-win32-x86_64\bin\instrument.dll
Event: 0.198 Loaded shared library C:\Users\10211\.cursor\extensions\redhat.java-1.54.0-win32-x64\jre\21.0.10-win32-x86_64\bin\net.dll
Event: 0.202 Loaded shared library C:\Users\10211\.cursor\extensions\redhat.java-1.54.0-win32-x64\jre\21.0.10-win32-x86_64\bin\nio.dll
Event: 0.206 Loaded shared library C:\Users\10211\.cursor\extensions\redhat.java-1.54.0-win32-x64\jre\21.0.10-win32-x86_64\bin\zip.dll
Event: 0.224 Loaded shared library C:\Users\10211\.cursor\extensions\redhat.java-1.54.0-win32-x64\jre\21.0.10-win32-x86_64\bin\jimage.dll
Event: 1.669 Loaded shared library C:\Users\10211\AppData\Roaming\Cursor\User\globalStorage\redhat.java\1.54.0\config_win\org.eclipse.equinox.launcher\org.eclipse.equinox.launcher.win32.win32.x86_64_1.3.0.v20260203-2149\eclipse_11919.dll
Event: 4.761 Loaded shared library D:\tmp\jna-46732115\jna5359922472399661113.dll

Deoptimization events (20 events):
Event: 15.196 Thread 0x00000243f91895f0 Uncommon trap: trap_request=0xffffff76 fr.pc=0x00000243e8302edc relative=0x000000000000051c
Event: 15.196 Thread 0x00000243f91895f0 Uncommon trap: reason=predicate action=maybe_recompile pc=0x00000243e8302edc method=java.util.HashMap.forEach(Ljava/util/function/BiConsumer;)V @ 60 c2
Event: 15.196 Thread 0x00000243f91895f0 DEOPT PACKING pc=0x00000243e8302edc sp=0x0000006833afe320
Event: 15.196 Thread 0x00000243f91895f0 DEOPT UNPACKING pc=0x00000243e78c4422 sp=0x0000006833afe2e0 mode 2
Event: 15.517 Thread 0x00000243f91895f0 Uncommon trap: trap_request=0xffffffbe fr.pc=0x00000243e833175c relative=0x000000000000047c
Event: 15.517 Thread 0x00000243f91895f0 Uncommon trap: reason=profile_predicate action=maybe_recompile pc=0x00000243e833175c method=java.net.URI.quote(Ljava/lang/String;JJ)Ljava/lang/String; @ 30 c2
Event: 15.517 Thread 0x00000243f91895f0 DEOPT PACKING pc=0x00000243e833175c sp=0x0000006833afdd20
Event: 15.517 Thread 0x00000243f91895f0 DEOPT UNPACKING pc=0x00000243e78c4422 sp=0x0000006833afdc88 mode 2
Event: 15.518 Thread 0x00000243f91895f0 Uncommon trap: trap_request=0xffffffbe fr.pc=0x00000243e833175c relative=0x000000000000047c
Event: 15.518 Thread 0x00000243f91895f0 Uncommon trap: reason=profile_predicate action=maybe_recompile pc=0x00000243e833175c method=java.net.URI.quote(Ljava/lang/String;JJ)Ljava/lang/String; @ 30 c2
Event: 15.518 Thread 0x00000243f91895f0 DEOPT PACKING pc=0x00000243e833175c sp=0x0000006833afdc10
Event: 15.518 Thread 0x00000243f91895f0 DEOPT UNPACKING pc=0x00000243e78c4422 sp=0x0000006833afdb78 mode 2
Event: 15.519 Thread 0x00000243f91895f0 Uncommon trap: trap_request=0xffffffbe fr.pc=0x00000243e833175c relative=0x000000000000047c
Event: 15.519 Thread 0x00000243f91895f0 Uncommon trap: reason=profile_predicate action=maybe_recompile pc=0x00000243e833175c method=java.net.URI.quote(Ljava/lang/String;JJ)Ljava/lang/String; @ 30 c2
Event: 15.519 Thread 0x00000243f91895f0 DEOPT PACKING pc=0x00000243e833175c sp=0x0000006833afdd20
Event: 15.519 Thread 0x00000243f91895f0 DEOPT UNPACKING pc=0x00000243e78c4422 sp=0x0000006833afdc88 mode 2
Event: 15.519 Thread 0x00000243f91895f0 Uncommon trap: trap_request=0xffffffbe fr.pc=0x00000243e833175c relative=0x000000000000047c
Event: 15.519 Thread 0x00000243f91895f0 Uncommon trap: reason=profile_predicate action=maybe_recompile pc=0x00000243e833175c method=java.net.URI.quote(Ljava/lang/String;JJ)Ljava/lang/String; @ 30 c2
Event: 15.519 Thread 0x00000243f91895f0 DEOPT PACKING pc=0x00000243e833175c sp=0x0000006833afdd20
Event: 15.519 Thread 0x00000243f91895f0 DEOPT UNPACKING pc=0x00000243e78c4422 sp=0x0000006833afdc88 mode 2

Classes loaded (20 events):
Event: 8.827 Loading class sun/nio/cs/Surrogate$Parser
Event: 8.827 Loading class sun/nio/cs/Surrogate$Parser done
Event: 8.827 Loading class sun/nio/cs/Surrogate
Event: 8.827 Loading class sun/nio/cs/Surrogate done
Event: 10.274 Loading class java/util/WeakHashMap$KeyIterator
Event: 10.275 Loading class java/util/WeakHashMap$KeyIterator done
Event: 10.300 Loading class java/util/Hashtable$KeySet
Event: 10.301 Loading class java/util/Hashtable$KeySet done
Event: 10.349 Loading class jdk/internal/icu/text/NormalizerBase$NFCModeImpl
Event: 10.349 Loading class jdk/internal/icu/text/NormalizerBase$NFCModeImpl done
Event: 10.350 Loading class jdk/internal/icu/impl/Norm2AllModes$NFCSingleton
Event: 10.350 Loading class jdk/internal/icu/impl/Norm2AllModes$NFCSingleton done
Event: 10.351 Loading class java/nio/StringCharBuffer
Event: 10.351 Loading class java/nio/StringCharBuffer done
Event: 11.892 Loading class java/lang/invoke/MethodHandleImpl$CountingWrapper$1
Event: 11.892 Loading class java/lang/invoke/MethodHandleImpl$CountingWrapper$1 done
Event: 12.485 Loading class sun/nio/cs/ISO_8859_1$Decoder
Event: 12.485 Loading class sun/nio/cs/ISO_8859_1$Decoder done
Event: 14.762 Loading class java/util/stream/ForEachOps$ForEachTask
Event: 14.762 Loading class java/util/stream/ForEachOps$ForEachTask done

Classes unloaded (8 events):
Event: 6.830 Thread 0x00000243f3a3f340 Unloading class 0x000002438117d000 'java/lang/invoke/LambdaForm$MH+0x000002438117d000'
Event: 6.830 Thread 0x00000243f3a3f340 Unloading class 0x000002438117cc00 'java/lang/invoke/LambdaForm$MH+0x000002438117cc00'
Event: 6.830 Thread 0x00000243f3a3f340 Unloading class 0x000002438117c800 'java/lang/invoke/LambdaForm$MH+0x000002438117c800'
Event: 6.830 Thread 0x00000243f3a3f340 Unloading class 0x000002438117c400 'java/lang/invoke/LambdaForm$MH+0x000002438117c400'
Event: 6.830 Thread 0x00000243f3a3f340 Unloading class 0x000002438117c000 'java/lang/invoke/LambdaForm$BMH+0x000002438117c000'
Event: 6.830 Thread 0x00000243f3a3f340 Unloading class 0x000002438117bc00 'java/lang/invoke/LambdaForm$DMH+0x000002438117bc00'
Event: 6.830 Thread 0x00000243f3a3f340 Unloading class 0x000002438117ac00 'java/lang/invoke/LambdaForm$DMH+0x000002438117ac00'
Event: 13.855 Thread 0x00000243f3a3f340 Unloading class 0x000002438154c400 'java/lang/invoke/LambdaForm$DMH+0x000002438154c400'

Classes redefined (0 events):
No events

Internal exceptions (20 events):
Event: 15.922 Thread 0x00000243f91895f0 Exception <a 'java/io/FileNotFoundException'{0x00000000c8a9c2e8}> (0x00000000c8a9c2e8) 
thrown [s\src\hotspot\share\prims\jni.cpp, line 520]
Event: 15.923 Thread 0x00000243f91895f0 Exception <a 'java/io/FileNotFoundException'{0x00000000c8aa1770}> (0x00000000c8aa1770) 
thrown [s\src\hotspot\share\prims\jni.cpp, line 520]
Event: 15.925 Thread 0x00000243f91895f0 Exception <a 'java/io/FileNotFoundException'{0x00000000c8aa6ae0}> (0x00000000c8aa6ae0) 
thrown [s\src\hotspot\share\prims\jni.cpp, line 520]
Event: 15.926 Thread 0x00000243f91895f0 Exception <a 'java/io/FileNotFoundException'{0x00000000c8aabf50}> (0x00000000c8aabf50) 
thrown [s\src\hotspot\share\prims\jni.cpp, line 520]
Event: 15.928 Thread 0x00000243f91895f0 Exception <a 'java/io/FileNotFoundException'{0x00000000c8ab14e8}> (0x00000000c8ab14e8) 
thrown [s\src\hotspot\share\prims\jni.cpp, line 520]
Event: 15.930 Thread 0x00000243f91895f0 Exception <a 'java/io/FileNotFoundException'{0x00000000c8ab69a8}> (0x00000000c8ab69a8) 
thrown [s\src\hotspot\share\prims\jni.cpp, line 520]
Event: 15.935 Thread 0x00000243f91895f0 Exception <a 'java/io/FileNotFoundException'{0x00000000c8abf838}> (0x00000000c8abf838) 
thrown [s\src\hotspot\share\prims\jni.cpp, line 520]
Event: 15.937 Thread 0x00000243f91895f0 Exception <a 'java/io/FileNotFoundException'{0x00000000c8ac8530}> (0x00000000c8ac8530) 
thrown [s\src\hotspot\share\prims\jni.cpp, line 520]
Event: 15.939 Thread 0x00000243f91895f0 Exception <a 'java/io/FileNotFoundException'{0x00000000c8acd8d8}> (0x00000000c8acd8d8) 
thrown [s\src\hotspot\share\prims\jni.cpp, line 520]
Event: 15.941 Thread 0x00000243f91895f0 Exception <a 'java/io/FileNotFoundException'{0x00000000c8ad2d60}> (0x00000000c8ad2d60) 
thrown [s\src\hotspot\share\prims\jni.cpp, line 520]
Event: 15.944 Thread 0x00000243f91895f0 Exception <a 'java/io/FileNotFoundException'{0x00000000c8adb910}> (0x00000000c8adb910) 
thrown [s\src\hotspot\share\prims\jni.cpp, line 520]
Event: 15.947 Thread 0x00000243f91895f0 Exception <a 'java/io/FileNotFoundException'{0x00000000c8ae41f0}> (0x00000000c8ae41f0) 
thrown [s\src\hotspot\share\prims\jni.cpp, line 520]
Event: 15.949 Thread 0x00000243f91895f0 Exception <a 'java/io/FileNotFoundException'{0x00000000c8ae9708}> (0x00000000c8ae9708) 
thrown [s\src\hotspot\share\prims\jni.cpp, line 520]
Event: 15.952 Thread 0x00000243f91895f0 Exception <a 'java/io/FileNotFoundException'{0x00000000c8af1ed0}> (0x00000000c8af1ed0) 
thrown [s\src\hotspot\share\prims\jni.cpp, line 520]
Event: 15.954 Thread 0x00000243f91895f0 Exception <a 'java/io/FileNotFoundException'{0x00000000c8af7270}> (0x00000000c8af7270) 
thrown [s\src\hotspot\share\prims\jni.cpp, line 520]
Event: 15.955 Thread 0x00000243f91895f0 Exception <a 'java/io/FileNotFoundException'{0x00000000c8afc7a8}> (0x00000000c8afc7a8) 
thrown [s\src\hotspot\share\prims\jni.cpp, line 520]
Event: 15.957 Thread 0x00000243f91895f0 Exception <a 'java/io/FileNotFoundException'{0x00000000c8917750}> (0x00000000c8917750) 
thrown [s\src\hotspot\share\prims\jni.cpp, line 520]
Event: 15.959 Thread 0x00000243f91895f0 Exception <a 'java/io/FileNotFoundException'{0x00000000c891cc10}> (0x00000000c891cc10) 
thrown [s\src\hotspot\share\prims\jni.cpp, line 520]
Event: 15.960 Thread 0x00000243f91895f0 Exception <a 'java/io/FileNotFoundException'{0x00000000c8922250}> (0x00000000c8922250) 
thrown [s\src\hotspot\share\prims\jni.cpp, line 520]
Event: 15.984 Thread 0x00000243f918b6c0 Exception <a 'java/io/FileNotFoundException'{0x00000000c91ba1c8}> (0x00000000c91ba1c8) 
thrown [s\src\hotspot\share\prims\jni.cpp, line 520]

ZGC Phase Switch (0 events):
No events

VM Operations (20 events):
Event: 13.664 Executing safepoint VM operation: G1CollectForAllocation (G1 Evacuation Pause)
Event: 13.666 Executing safepoint VM operation: G1CollectForAllocation (G1 Evacuation Pause) done
Event: 13.749 Executing safepoint VM operation: G1CollectForAllocation (G1 Evacuation Pause)
Event: 13.754 Executing safepoint VM operation: G1CollectForAllocation (G1 Evacuation Pause) done
Event: 13.812 Executing safepoint VM operation: G1CollectForAllocation (G1 Evacuation Pause)
Event: 13.816 Executing safepoint VM operation: G1CollectForAllocation (G1 Evacuation Pause) done
Event: 13.854 Executing safepoint VM operation: G1PauseRemark
Event: 13.868 Executing safepoint VM operation: G1PauseRemark done
Event: 13.889 Executing safepoint VM operation: G1PauseCleanup
Event: 13.890 Executing safepoint VM operation: G1PauseCleanup done
Event: 14.686 Executing safepoint VM operation: ICBufferFull
Event: 14.686 Executing safepoint VM operation: ICBufferFull done
Event: 14.841 Executing safepoint VM operation: G1CollectForAllocation (G1 Evacuation Pause)
Event: 14.844 Executing safepoint VM operation: G1CollectForAllocation (G1 Evacuation Pause) done
Event: 14.904 Executing non-safepoint VM operation: HandshakeAllThreads (Deoptimize)
Event: 14.904 Executing non-safepoint VM operation: HandshakeAllThreads (Deoptimize) done
Event: 14.949 Executing non-safepoint VM operation: HandshakeAllThreads (Deoptimize)
Event: 14.950 Executing non-safepoint VM operation: HandshakeAllThreads (Deoptimize) done
Event: 15.950 Executing safepoint VM operation: Cleanup
Event: 15.950 Executing safepoint VM operation: Cleanup done

Memory protections (0 events):
No events

Nmethod flushes (20 events):
Event: 13.864 Thread 0x00000243f3a3f340 flushing  nmethod 0x00000243e81cc190
Event: 13.864 Thread 0x00000243f3a3f340 flushing  nmethod 0x00000243e81ced10
Event: 13.864 Thread 0x00000243f3a3f340 flushing  nmethod 0x00000243e821ca10
Event: 13.864 Thread 0x00000243f3a3f340 flushing  nmethod 0x00000243e0369390
Event: 13.864 Thread 0x00000243f3a3f340 flushing  nmethod 0x00000243e06b7c10
Event: 13.864 Thread 0x00000243f3a3f340 flushing  nmethod 0x00000243e06bab90
Event: 13.864 Thread 0x00000243f3a3f340 flushing  nmethod 0x00000243e0e9e710
Event: 13.864 Thread 0x00000243f3a3f340 flushing  nmethod 0x00000243e101aa90
Event: 13.864 Thread 0x00000243f3a3f340 flushing  nmethod 0x00000243e1106410
Event: 13.864 Thread 0x00000243f3a3f340 flushing  nmethod 0x00000243e7f13d90
Event: 13.864 Thread 0x00000243f3a3f340 flushing  nmethod 0x00000243e7f66410
Event: 13.864 Thread 0x00000243f3a3f340 flushing  nmethod 0x00000243e035f490
Event: 13.864 Thread 0x00000243f3a3f340 flushing  nmethod 0x00000243e0464790
Event: 13.864 Thread 0x00000243f3a3f340 flushing  nmethod 0x00000243e0464c90
Event: 13.864 Thread 0x00000243f3a3f340 flushing  nmethod 0x00000243e0469c90
Event: 13.864 Thread 0x00000243f3a3f340 flushing  nmethod 0x00000243e04ea410
Event: 13.864 Thread 0x00000243f3a3f340 flushing  nmethod 0x00000243e06e6290
Event: 13.864 Thread 0x00000243f3a3f340 flushing  nmethod 0x00000243e075ba10
Event: 13.864 Thread 0x00000243f3a3f340 flushing  nmethod 0x00000243e0fa4e90
Event: 13.864 Thread 0x00000243f3a3f340 flushing  nmethod 0x00000243e10e4990

Events (20 events):
Event: 14.764 Thread 0x00000243faed66b0 Thread added: 0x00000243fad45db0
Event: 14.773 Thread 0x00000243faed6020 Thread added: 0x00000243fad46440
Event: 14.778 Thread 0x00000243fad44a00 Thread added: 0x00000243fad43ce0
Event: 14.802 Thread 0x00000243fad43650 Thread exited: 0x00000243fad43650
Event: 14.802 Thread 0x00000243faed45e0 Thread exited: 0x00000243faed45e0
Event: 14.802 Thread 0x00000243fad47160 Thread exited: 0x00000243fad47160
Event: 14.802 Thread 0x00000243fad44a00 Thread exited: 0x00000243fad44a00
Event: 14.802 Thread 0x00000243faed2ba0 Thread exited: 0x00000243faed2ba0
Event: 14.882 Thread 0x00000243f91895f0 Thread added: 0x00000243fad45090
Event: 14.883 Thread 0x00000243f91895f0 Thread added: 0x00000243fad41c10
Event: 14.883 Thread 0x00000243f91895f0 Thread added: 0x00000243fad45720
Event: 14.883 Thread 0x00000243f91895f0 Thread added: 0x00000243fad44a00
Event: 14.891 Thread 0x00000243f91895f0 Thread added: 0x00000243fad46ad0
Event: 14.894 Thread 0x00000243fad45720 Thread exited: 0x00000243fad45720
Event: 14.894 Thread 0x00000243fad46ad0 Thread exited: 0x00000243fad46ad0
Event: 14.894 Thread 0x00000243fad44a00 Thread exited: 0x00000243fad44a00
Event: 14.896 Thread 0x00000243fad41c10 Thread exited: 0x00000243fad41c10
Event: 14.896 Thread 0x00000243fad45090 Thread exited: 0x00000243fad45090
Event: 15.734 Thread 0x00000243f87df3a0 Thread exited: 0x00000243f87df3a0
Event: 15.873 Thread 0x00000243f8e8f2f0 Thread exited: 0x00000243f8e8f2f0


Dynamic libraries:
0x00007ff7c61d0000 - 0x00007ff7c61de000 	c:\Users\10211\.cursor\extensions\redhat.java-1.54.0-win32-x64\jre\21.0.10-win32-x86_64\bin\java.exe
0x00007ffe668e0000 - 0x00007ffe66ad0000 	C:\windows\SYSTEM32\ntdll.dll
0x00007ffe65600000 - 0x00007ffe656b2000 	C:\windows\System32\KERNEL32.DLL
0x00007ffe63950000 - 0x00007ffe63bf5000 	C:\windows\System32\KERNELBASE.dll
0x00007ffe63c00000 - 0x00007ffe63cfa000 	C:\windows\System32\ucrtbase.dll
0x00007ffe54ea0000 - 0x00007ffe54eb8000 	c:\Users\10211\.cursor\extensions\redhat.java-1.54.0-win32-x64\jre\21.0.10-win32-x86_64\bin\jli.dll
0x00007ffe65ea0000 - 0x00007ffe66034000 	C:\windows\System32\USER32.dll
0x00007ffe63e00000 - 0x00007ffe63e21000 	C:\windows\System32\win32u.dll
0x00007ffe66870000 - 0x00007ffe66896000 	C:\windows\System32\GDI32.dll
0x00007ffe63fc0000 - 0x00007ffe64158000 	C:\windows\System32\gdi32full.dll
0x00007ffe63850000 - 0x00007ffe638ee000 	C:\windows\System32\msvcp_win.dll
0x00007ffe48250000 - 0x00007ffe4826e000 	c:\Users\10211\.cursor\extensions\redhat.java-1.54.0-win32-x64\jre\21.0.10-win32-x86_64\bin\VCRUNTIME140.dll
0x00007ffe49840000 - 0x00007ffe49ac4000 	C:\windows\WinSxS\amd64_microsoft.windows.common-controls_6595b64144ccf1df_6.0.18362.1556_none_9e7e372fe45e41d5\COMCTL32.dll
0x00007ffe666b0000 - 0x00007ffe6674e000 	C:\windows\System32\msvcrt.dll
0x00007ffe66350000 - 0x00007ffe66686000 	C:\windows\System32\combase.dll
0x00007ffe64d80000 - 0x00007ffe64e9f000 	C:\windows\System32\RPCRT4.dll
0x00007ffe63d70000 - 0x00007ffe63df1000 	C:\windows\System32\bcryptPrimitives.dll
0x00007ffe65df0000 - 0x00007ffe65e1e000 	C:\windows\System32\IMM32.DLL
0x00007ffe44370000 - 0x00007ffe4437c000 	c:\Users\10211\.cursor\extensions\redhat.java-1.54.0-win32-x64\jre\21.0.10-win32-x86_64\bin\vcruntime140_1.dll
0x00007ffe161b0000 - 0x00007ffe1623d000 	c:\Users\10211\.cursor\extensions\redhat.java-1.54.0-win32-x64\jre\21.0.10-win32-x86_64\bin\msvcp140.dll
0x00007ffdd34a0000 - 0x00007ffdd4241000 	c:\Users\10211\.cursor\extensions\redhat.java-1.54.0-win32-x64\jre\21.0.10-win32-x86_64\bin\server\jvm.dll
0x00007ffe65770000 - 0x00007ffe65813000 	C:\windows\System32\ADVAPI32.dll
0x00007ffe65ca0000 - 0x00007ffe65d37000 	C:\windows\System32\sechost.dll
0x00007ffe63800000 - 0x00007ffe6384a000 	C:\windows\System32\POWRPROF.dll
0x00007ffe63790000 - 0x00007ffe637a0000 	C:\windows\System32\UMPDC.dll
0x00007ffe66040000 - 0x00007ffe660af000 	C:\windows\System32\WS2_32.dll
0x00007ffe5fc70000 - 0x00007ffe5fc94000 	C:\windows\SYSTEM32\WINMM.dll
0x00007ffe59fb0000 - 0x00007ffe59fba000 	C:\windows\SYSTEM32\VERSION.dll
0x00007ffe5fc40000 - 0x00007ffe5fc6d000 	C:\windows\SYSTEM32\WINMMBASE.dll
0x00007ffe63d00000 - 0x00007ffe63d4a000 	C:\windows\System32\cfgmgr32.dll
0x00007ffe637a0000 - 0x00007ffe637b1000 	C:\windows\System32\kernel.appcore.dll
0x00007ffe43db0000 - 0x00007ffe43dba000 	c:\Users\10211\.cursor\extensions\redhat.java-1.54.0-win32-x64\jre\21.0.10-win32-x86_64\bin\jimage.dll
0x00007ffe61ed0000 - 0x00007ffe620c4000 	C:\windows\SYSTEM32\DBGHELP.DLL
0x00007ffe43be0000 - 0x00007ffe43c0a000 	C:\windows\SYSTEM32\dbgcore.DLL
0x00007ffe43a90000 - 0x00007ffe43a9f000 	c:\Users\10211\.cursor\extensions\redhat.java-1.54.0-win32-x64\jre\21.0.10-win32-x86_64\bin\instrument.dll
0x00007ffe43a30000 - 0x00007ffe43a50000 	c:\Users\10211\.cursor\extensions\redhat.java-1.54.0-win32-x64\jre\21.0.10-win32-x86_64\bin\java.dll
0x00007ffe64f10000 - 0x00007ffe655f7000 	C:\windows\System32\SHELL32.dll
0x00007ffe656c0000 - 0x00007ffe65768000 	C:\windows\System32\shcore.dll
0x00007ffe64210000 - 0x00007ffe6498b000 	C:\windows\System32\windows.storage.dll
0x00007ffe637c0000 - 0x00007ffe637de000 	C:\windows\System32\profapi.dll
0x00007ffe66750000 - 0x00007ffe667a2000 	C:\windows\System32\shlwapi.dll
0x00007ffe63d50000 - 0x00007ffe63d67000 	C:\windows\System32\cryptsp.dll
0x00007ffe3d740000 - 0x00007ffe3d758000 	c:\Users\10211\.cursor\extensions\redhat.java-1.54.0-win32-x64\jre\21.0.10-win32-x86_64\bin\zip.dll
0x00007ffe43a80000 - 0x00007ffe43a90000 	C:\Users\10211\.cursor\extensions\redhat.java-1.54.0-win32-x64\jre\21.0.10-win32-x86_64\bin\net.dll
0x00007ffe5a290000 - 0x00007ffe5a38a000 	C:\windows\SYSTEM32\WINHTTP.dll
0x00007ffe62fd0000 - 0x00007ffe63037000 	C:\windows\system32\mswsock.dll
0x00007ffe3d6c0000 - 0x00007ffe3d6d6000 	C:\Users\10211\.cursor\extensions\redhat.java-1.54.0-win32-x64\jre\21.0.10-win32-x86_64\bin\nio.dll
0x00007ffe18f20000 - 0x00007ffe18f65000 	C:\Users\10211\AppData\Roaming\Cursor\User\globalStorage\redhat.java\1.54.0\config_win\org.eclipse.equinox.launcher\org.eclipse.equinox.launcher.win32.win32.x86_64_1.3.0.v20260203-2149\eclipse_11919.dll
0x00007ffe64a60000 - 0x00007ffe64bb7000 	C:\windows\System32\ole32.dll
0x00007ffe62b50000 - 0x00007ffe62b83000 	C:\windows\system32\rsaenh.dll
0x00007ffe63e30000 - 0x00007ffe63e56000 	C:\windows\System32\bcrypt.dll
0x00007ffe636b0000 - 0x00007ffe636d5000 	C:\windows\SYSTEM32\USERENV.dll
0x00007ffe631a0000 - 0x00007ffe631ac000 	C:\windows\SYSTEM32\CRYPTBASE.dll
0x00007ffe62ce0000 - 0x00007ffe62d1a000 	C:\windows\SYSTEM32\IPHLPAPI.DLL
0x00007ffe66690000 - 0x00007ffe66698000 	C:\windows\System32\NSI.dll
0x00007ffe16160000 - 0x00007ffe161a9000 	D:\tmp\jna-46732115\jna5359922472399661113.dll
0x00007ffe65c90000 - 0x00007ffe65c98000 	C:\windows\System32\PSAPI.DLL
0x00007ffe60bd0000 - 0x00007ffe60be6000 	C:\windows\SYSTEM32\dhcpcsvc6.DLL
0x00007ffe60bb0000 - 0x00007ffe60bcc000 	C:\windows\SYSTEM32\dhcpcsvc.DLL
0x00007ffe43860000 - 0x00007ffe4386e000 	C:\Users\10211\.cursor\extensions\redhat.java-1.54.0-win32-x64\jre\21.0.10-win32-x86_64\bin\sunmscapi.dll
0x00007ffe63e60000 - 0x00007ffe63fb1000 	C:\windows\System32\CRYPT32.dll
0x00007ffe637e0000 - 0x00007ffe637f2000 	C:\windows\System32\MSASN1.dll
0x00007ffe632b0000 - 0x00007ffe632d6000 	C:\windows\SYSTEM32\ncrypt.dll
0x00007ffe63270000 - 0x00007ffe632ab000 	C:\windows\SYSTEM32\NTASN1.dll

JVMTI agents:
c:\Users\10211\.cursor\extensions\redhat.java-1.54.0-win32-x64\lombok\lombok-1.18.39-4050.jar path:c:\Users\10211\.cursor\extensions\redhat.java-1.54.0-win32-x64\jre\21.0.10-win32-x86_64\bin\instrument.dll, loaded, initialized, instrumentlib options:none

dbghelp: loaded successfully - version: 4.0.5 - missing functions: none
symbol engine: initialized successfully - sym options: 0x614 - pdb path: .;c:\Users\10211\.cursor\extensions\redhat.java-1.54.0-win32-x64\jre\21.0.10-win32-x86_64\bin;C:\windows\SYSTEM32;C:\windows\WinSxS\amd64_microsoft.windows.common-controls_6595b64144ccf1df_6.0.18362.1556_none_9e7e372fe45e41d5;c:\Users\10211\.cursor\extensions\redhat.java-1.54.0-win32-x64\jre\21.0.10-win32-x86_64\bin\server;C:\Users\10211\AppData\Roaming\Cursor\User\globalStorage\redhat.java\1.54.0\config_win\org.eclipse.equinox.launcher\org.eclipse.equinox.launcher.win32.win32.x86_64_1.3.0.v20260203-2149;D:\tmp\jna-46732115

VM Arguments:
jvm_args: --add-modules=ALL-SYSTEM --add-opens=java.base/java.util=ALL-UNNAMED --add-opens=java.base/java.lang=ALL-UNNAMED --add-opens=java.base/sun.nio.fs=ALL-UNNAMED -Declipse.application=org.eclipse.jdt.ls.core.id1 -Dosgi.bundles.defaultStartLevel=4 -Declipse.product=org.eclipse.jdt.ls.core.product -Djava.import.generatesMetadataFilesAtProjectRoot=false -DDetectVMInstallationsJob.disabled=true -Dfile.encoding=utf8 -Xlog:disable -Xverify:none -Xmx1G -XX:+UseG1GC -XX:+UseStringDeduplication -javaagent:c:\Users\10211\.cursor\extensions\redhat.java-1.54.0-win32-x64\lombok\lombok-1.18.39-4050.jar -XX:+HeapDumpOnOutOfMemoryError -XX:HeapDumpPath=c:\Users\10211\AppData\Roaming\Cursor\User\workspaceStorage\5dd945e59859e11595760e0f66be3d1b\redhat.java -Daether.dependencyCollector.impl=bf 
java_command: c:\Users\10211\.cursor\extensions\redhat.java-1.54.0-win32-x64\server\plugins\org.eclipse.equinox.launcher_1.7.100.v20251111-0406.jar -configuration c:\Users\10211\AppData\Roaming\Cursor\User\globalStorage\redhat.java\1.54.0\config_win -data c:\Users\10211\AppData\Roaming\Cursor\User\workspaceStorage\5dd945e59859e11595760e0f66be3d1b\redhat.java\jdt_ws --pipe=\\.\pipe\lsp-73dc5f0be05ad3422626974e4ead6d77-sock
java_class_path (initial): c:\Users\10211\.cursor\extensions\redhat.java-1.54.0-win32-x64\server\plugins\org.eclipse.equinox.launcher_1.7.100.v20251111-0406.jar
Launcher Type: SUN_STANDARD

[Global flags]
     intx CICompilerCount                          = 4                                         {product} {ergonomic}
     uint ConcGCThreads                            = 3                                         {product} {ergonomic}
     uint G1ConcRefinementThreads                  = 10                                        {product} {ergonomic}
   size_t G1HeapRegionSize                         = 1048576                                   {product} {ergonomic}
    uintx GCDrainStackTargetSize                   = 64                                        {product} {ergonomic}
     bool HeapDumpOnOutOfMemoryError               = true                                   {manageable} {command line}
    ccstr HeapDumpPath                             = c:\Users\10211\AppData\Roaming\Cursor\User\workspaceStorage\5dd945e59859e11595760e0f66be3d1b\redhat.java         {manageable} {command line}
   size_t InitialHeapSize                          = 534773760                                 {product} {ergonomic}
   size_t MarkStackSize                            = 4194304                                   {product} {ergonomic}
   size_t MaxHeapSize                              = 1073741824                                {product} {command line}
   size_t MaxNewSize                               = 643825664                                 {product} {ergonomic}
   size_t MinHeapDeltaBytes                        = 1048576                                   {product} {ergonomic}
   size_t MinHeapSize                              = 8388608                                   {product} {ergonomic}
    uintx NonNMethodCodeHeapSize                   = 5839372                                {pd product} {ergonomic}
    uintx NonProfiledCodeHeapSize                  = 122909434                              {pd product} {ergonomic}
    uintx ProfiledCodeHeapSize                     = 122909434                              {pd product} {ergonomic}
    uintx ReservedCodeCacheSize                    = 251658240                              {pd product} {ergonomic}
     bool SegmentedCodeCache                       = true                                      {product} {ergonomic}
   size_t SoftMaxHeapSize                          = 1073741824                             {manageable} {ergonomic}
     bool UseCompressedOops                        = true                           {product lp64_product} {ergonomic}
     bool UseG1GC                                  = true                                      {product} {command line}
     bool UseLargePagesIndividualAllocation        = false                                  {pd product} {ergonomic}
     bool UseStringDeduplication                   = true                                      {product} {command line}

Logging:
Log output configuration:
 #0: stdout all=off uptime,level,tags foldmultilines=false
 #1: stderr all=off uptime,level,tags foldmultilines=false

Release file:
JAVA_VERSION="21.0.10" 
MODULES="java.base java.compiler java.datatransfer java.xml java.prefs java.desktop java.instrument java.logging java.management java.security.sasl java.naming java.rmi java.management.rmi java.net.http java.scripting java.security.jgss java.transaction.xa java.sql java.sql.rowset java.xml.crypto java.se java.smartcardio jdk.accessibility jdk.internal.jvmstat jdk.attach jdk.charsets jdk.internal.opt jdk.zipfs jdk.compiler jdk.crypto.ec jdk.crypto.cryptoki jdk.crypto.mscapi jdk.dynalink jdk.internal.ed jdk.editpad jdk.hotspot.agent jdk.httpserver jdk.internal.le jdk.internal.vm.ci jdk.internal.vm.compiler jdk.internal.vm.compiler.management jdk.jartool jdk.javadoc jdk.jcmd jdk.management jdk.management.agent jdk.jconsole jdk.jdeps jdk.jdwp.agent jdk.jdi jdk.jfr jdk.jshell jdk.jsobject jdk.jstatd jdk.localedata jdk.management.jfr jdk.naming.dns jdk.naming.rmi jdk.net jdk.nio.mapmode jdk.random jdk.sctp jdk.security.auth jdk.security.jgss jdk.unsupported jdk.unsupported.desktop jdk.xml.dom" 

Environment Variables:
JAVA_HOME=D:\dev\jdk-8u151
CLASSPATH=D:\dev\jdk-8u151\lib\tools.jar
PATH=D:\dev\vmware17.0.2\bin\;C:\Python310\Scripts\;C:\Python310\;C:\Python38\Scripts\;C:\Python38\;C:\Python27\;C:\Python27\Scripts;C:\ProgramData\DockerDesktop\version-bin;C:\Program Files\Docker\Docker\Resources\bin;C:\windows\system32;C:\windows;C:\windows\System32\Wbem;C:\windows\System32\WindowsPowerShell\v1.0\;C:\windows\System32\OpenSSH\;C:\Program Files (x86)\NVIDIA Corporation\PhysX\Common;C:\Program Files\NVIDIA Corporation\NVIDIA NvDLISR;D:\dev\Git\bin;D:\dev\Git\mingw64\libexec\git-core;D:\dev\jdk-8u151\bin;D:\dev\jdk-8u151\lib\dt.jar;D:\dev\jdk-8u151\lib\tools.jar;D:\dev\jdk-8u151\jre\bin;C:\Program Files\Docker\Docker\resources\bin;C:\ProgramData\chocolatey\bin;D:\dev\Git XL;D:\dev\TortoiseGit\bin;D:\dev\lua5.1.5-52;D:\dev\lua5.1.5-52\clibs;D:\dev\apache-maven-3.6.3\bin;C:\Program Files\dotnet\;C:\Program Files\Microsoft SQL Server\130\Tools\Binn\;tcp://192.168.86.153:2375;D:\dev\Microsoft VS Code\bin;D:\dev\TortoiseSVN\bin;D:\dev\Redis-x64-3.2.100;D:\dev\apache-jmeter-5.4\bin;D:\dev\Git\cmd;D:\dev\strawberry-perl-5.32.1.1-64bit\perl\bin;D:\dev\nasm-2.15.05;C:\Program Files\OpenSSL\bin;C:\Program Files\OpenSSL\bin;D:\dev\apache-zookeeper-3.8.1-bin\bin;D:\dev\kafka_2.13-3.4.0\bin\windows;D:\dev\mongodb6.0.8\bin;D:\dev\rocketmq-all-5.1.4-bin-release\bin;D:\dev\nexus-3.67.1-01-java11-win64\nexus-3.67.1-01\bin;D:\dev\nvm;C:\Program Files\nodejs;%NODE_PATH%;D:\dev\mingw64\bin;D:\dev\xmanager\Xmanager 7\;D:\dev\xmanager\Xshell 7\;D:\dev\xmanager\Xftp 7\;D:\dev\xmanager\Xlpd 7\;D:\dev\go-1.22.5/bin;D:\dev\go-1.22.5\bin;D:\dev\GOPATH;D:\dev\go-1.22.5;D:\dev\go-1.22.5\bin;D:\dev\GOPATH\bin;D:\dev\MinGW\bin;D:\dev\msys64\mingw64\bin;C:\Program Files (x86)\dotnet\;D:\dev\cursor\cursor\resources\app\bin;D:\dev\CMake\bin;C:\Program Files\PowerShell\7\;D:\dev\python3.12.10\Scripts\;D:\dev\python3.12.10\;d:\dev\cursor\cursor\resources\app\codeBin;C:\Users\10211\.cargo\bin;C:\Users\10211\AppData\Local\Microsoft\WindowsApps;D:\dev\IntelliJ IDEA 2022.2.1\bin;D:\dev\DataGrip 2020.1\bin;C:\Users\10211\AppData\Roaming\npm;D:\dev\nvm;C:\Program Files\nodejs;C:\Users\10211\AppData\Local\inkdrop\bin;C:\Users\10211\go\bin;D:\dev\WebStorm 2023.3.4\bin;;D:\dev\IntelliJ IDEA 2024.1.4\bin;;D:\dev\GoLand 2025.1\bin;;D:\dev\Fiddler5;D:\dev\cursor\resources\app\bin;D:\dev\cpolar\;D:\dev\Antigravity\bin;D:\dev\PyCharm 2025.3.3\bin
USERNAME=10211
OS=Windows_NT
PROCESSOR_IDENTIFIER=Intel64 Family 6 Model 158 Stepping 13, GenuineIntel
TMP=D:\tmp
TEMP=D:\temp




Periodic native trim disabled

---------------  S Y S T E M  ---------------

OS:
 Windows 10 , 64 bit Build 18362 (10.0.18362.1500)
OS uptime: 12 days 22:46 hours

CPU: total 12 (initial active 12) (6 cores per cpu, 2 threads per core) family 6 model 158 stepping 13 microcode 0xde, cx8, cmov, fxsr, ht, mmx, 3dnowpref, sse, sse2, sse3, ssse3, sse4.1, sse4.2, popcnt, lzcnt, tsc, tscinvbit, avx, avx2, aes, erms, clmul, bmi1, bmi2, adx, fma, vzeroupper, clflush, clflushopt, rdtscp, f16c
Processor Information for the first 12 processors :
  Max Mhz: 2592, Current Mhz: 2592, Mhz Limit: 2592

Memory: 4k page, system-wide physical 32609M (6667M free)
TotalPageFile size 64506M (AvailPageFile size 6M)
current process WorkingSet (physical memory assigned to process): 318M, peak: 345M
current process commit charge ("private bytes"): 367M, peak: 672M

vm_info: OpenJDK 64-Bit Server VM (21.0.10+7-LTS) for windows-amd64 JRE (21.0.10+7-LTS), built on 2026-01-20T00:00:00Z by "admin" with MS VC++ 17.12 (VS2022)

END.
