#
# There is insufficient memory for the Java Runtime Environment to continue.
# Native memory allocation (mmap) failed to map 536870912 bytes. Error detail: G1 virtual space
# Possible reasons:
#   The system is out of physical RAM or swap space
#   This process is running with CompressedOops enabled, and the Java Heap may be blocking the growth of the native heap
# Possible solutions:
#   Reduce memory load on the system
#   Increase physical memory or swap space
#   Check if swap backing store is full
#   Decrease Java heap size (-Xmx/-Xms)
#   Decrease number of Java threads
#   Decrease Java thread stack sizes (-Xss)
#   Set larger code cache with -XX:ReservedCodeCacheSize=
#   JVM is running with Zero Based Compressed Oops mode in which the Java heap is
#     placed in the first 32GB address space. The Java Heap base address is the
#     maximum limit for the native heap growth. Please use -XX:HeapBaseMinAddress
#     to set the Java Heap base and to place the Java Heap above 32GB virtual address.
# This output file may be truncated or incomplete.
#
#  Out of Memory Error (os_windows.cpp:3766), pid=40488, tid=38244
#
# JRE version:  (25.0.2+1) (build )
# Java VM: OpenJDK 64-Bit Server VM (25.0.2+1-b329.72, mixed mode, sharing, tiered, compressed oops, compressed class ptrs, g1 gc, windows-amd64)
# No core dump will be written. Minidumps are not enabled by default on client versions of Windows
#

---------------  S U M M A R Y ------------

Command Line: D:\tmp\surefire16065929260378381720\surefirebooter-20260531193242227_3.jar D:\tmp\surefire16065929260378381720 2026-05-31T19-32-42_104-jvmRun1 surefire-20260531193242227_1tmp surefire_0-20260531193242227_2tmp

Host: Intel(R) Core(TM) i7-9750H CPU @ 2.60GHz, 12 cores, 31G,  Windows 10 , 64 bit Build 18362 (10.0.18362.1500)
Time: Sun May 31 19:32:42 2026 笢弊梓袧奀潔 elapsed time: 0.017586 seconds (0d 0h 0m 0s)

---------------  T H R E A D  ---------------

Current thread (0x000001e936845dc0):  JavaThread "Unknown thread" [_thread_in_vm, id=38244, stack(0x0000007cf3500000,0x0000007cf3600000) (1024K)]

Stack: [0x0000007cf3500000,0x0000007cf3600000]
Native frames: (J=compiled Java code, j=interpreted, Vv=VM code, C=native code)
V  [jvm.dll+0x7c0b19]  (no source info available)
V  [jvm.dll+0x78a2ed]  (no source info available)
V  [jvm.dll+0xa0e563]  (no source info available)
V  [jvm.dll+0xa10d5c]  (no source info available)
V  [jvm.dll+0xa11453]  (no source info available)
V  [jvm.dll+0x307b86]  (no source info available)
V  [jvm.dll+0x7bcd25]  (no source info available)
V  [jvm.dll+0x7afce7]  (no source info available)
V  [jvm.dll+0x4015ce]  (no source info available)
V  [jvm.dll+0x4093eb]  (no source info available)
V  [jvm.dll+0x3f5c29]  (no source info available)
V  [jvm.dll+0x3f5edb]  (no source info available)
V  [jvm.dll+0x3cc093]  (no source info available)
V  [jvm.dll+0x3cccfe]  (no source info available)
V  [jvm.dll+0x9d48d7]  (no source info available)
V  [jvm.dll+0x466ce2]  (no source info available)
V  [jvm.dll+0x9b8019]  (no source info available)
V  [jvm.dll+0x508951]  (no source info available)
V  [jvm.dll+0x50a2c1]  (no source info available)
C  [jli.dll+0x541a]  (no source info available)
C  [ucrtbase.dll+0x210b2]  (no source info available)
C  [KERNEL32.DLL+0x17c24]  (no source info available)
C  [ntdll.dll+0x6d721]  (no source info available)

Lock stack of current Java thread (top to bottom):


---------------  P R O C E S S  ---------------

Threads class SMR info:
_java_thread_list=0x00007ffdd5019108, length=0, elements={
}

Java Threads: ( => current thread )
Total: 0

Other Threads:
  0x000001e938b47a20 WorkerThread "GC Thread#0"                     [id=3408, stack(0x0000007cf3600000,0x0000007cf3700000) (1024K)]
  0x000001e9563a07a0 ConcurrentGCThread "G1 Main Marker"            [id=43648, stack(0x0000007cf3700000,0x0000007cf3800000) (1024K)]
  0x000001e938b61a20 WorkerThread "G1 Conc#0"                       [id=42440, stack(0x0000007cf3800000,0x0000007cf3900000) (1024K)]

[error occurred during error reporting (printing all threads), id 0xc0000005, EXCEPTION_ACCESS_VIOLATION (0xc0000005) at pc=0x00007ffdd4630cea]
VM state: not at safepoint (not fully initialized)

VM Mutex/Monitor currently owned by a thread:  ([mutex/lock_event])
[0x00007ffdd50a1d20] Heap_lock - owner thread: 0x000001e936845dc0

Heap address: 0x0000000602400000, size: 8156 MB, Compressed Oops mode: Zero based, Oop shift amount: 3

CDS archive(s) mapped at: [0x0000000000000000-0x0000000000000000-0x0000000000000000), size 0, SharedBaseAddress: 0x0000000800000000, ArchiveRelocationMode: 1.
UseCompressedClassPointers 1, UseCompactObjectHeaders 0
Narrow klass pointer bits 32, Max shift 3
Narrow klass base: 0xffffffffffffffff, Narrow klass shift: -1
Encoding Range: [0xffffffffffffffff - 0x000000007fffffff), (2147483648 bytes)
Klass Range:    [0x0000000000000000 - 0x0000000000000000), (0 bytes)
Klass ID Range:  [4294967295 - 0) (1)
No protection zone.

GC Precious Log:
 CardTable entry size: 512
 Card Set container configuration: InlinePtr #cards 4 size 8 Array Of Cards #cards 32 size 80 Howl #buckets 8 coarsen threshold 7372 Howl Bitmap #cards 1024 size 144 coarsen threshold 921 Card regions per heap region 1 cards per card region 8192

Heap:
 garbage-first heap   total reserved 8351744K, committed 0K, used 0K [0x0000000602400000, 0x0000000800000000)
  region size 4096K, 0 young (0K), 0 survivors (0K)

Heap Regions: E=young(eden), S=young(survivor), O=old, HS=humongous(starts), HC=humongous(continues), CS=collection set, F=free, TAMS=top-at-mark-start, PB=parsable bottom

Card table byte_map: [0x000001e94d400000,0x000001e94e3f0000] _byte_map_base: 0x000001e94a3ee000

Marking Bits: (CMBitMap*) 0x000001e95639fd20
 Bits: [0x000001e94e3f0000, 0x000001e956360000)

GC Heap Usage History (0 events):
No events

Metaspace Usage History (0 events):
No events

Dll operation events (1 events):
Event: 0.013 Loaded shared library D:\dev\idea-2026.1.win\jbr\bin\java.dll

Deoptimization events (0 events):
No events

Classes loaded (0 events):
No events

Classes unloaded (0 events):
No events

Classes redefined (0 events):
No events

Internal exceptions (0 events):
No events

VM Operations (0 events):
No events

Memory protections (0 events):
No events

Nmethod flushes (0 events):
No events

Events (0 events):
No events


Dynamic libraries:
0x00007ff7ba530000 - 0x00007ff7ba53a000 	D:\dev\idea-2026.1.win\jbr\bin\java.exe
0x00007ffe668e0000 - 0x00007ffe66ad0000 	C:\windows\SYSTEM32\ntdll.dll
0x00007ffe65600000 - 0x00007ffe656b2000 	C:\windows\System32\KERNEL32.DLL
0x00007ffe63950000 - 0x00007ffe63bf5000 	C:\windows\System32\KERNELBASE.dll
0x00007ffe60930000 - 0x00007ffe609bf000 	C:\windows\SYSTEM32\apphelp.dll
0x00007ffe63c00000 - 0x00007ffe63cfa000 	C:\windows\System32\ucrtbase.dll
0x00007ffe482c0000 - 0x00007ffe482d7000 	D:\dev\idea-2026.1.win\jbr\bin\jli.dll
0x00007ffe45f80000 - 0x00007ffe45f9e000 	D:\dev\idea-2026.1.win\jbr\bin\VCRUNTIME140.dll
0x00007ffe65ea0000 - 0x00007ffe66034000 	C:\windows\System32\USER32.dll
0x00007ffe63e00000 - 0x00007ffe63e21000 	C:\windows\System32\win32u.dll
0x00007ffe66870000 - 0x00007ffe66896000 	C:\windows\System32\GDI32.dll
0x00007ffe49840000 - 0x00007ffe49ac4000 	C:\windows\WinSxS\amd64_microsoft.windows.common-controls_6595b64144ccf1df_6.0.18362.1556_none_9e7e372fe45e41d5\COMCTL32.dll
0x00007ffe63fc0000 - 0x00007ffe64158000 	C:\windows\System32\gdi32full.dll
0x00007ffe63850000 - 0x00007ffe638ee000 	C:\windows\System32\msvcp_win.dll
0x00007ffe666b0000 - 0x00007ffe6674e000 	C:\windows\System32\msvcrt.dll
0x00007ffe66350000 - 0x00007ffe66686000 	C:\windows\System32\combase.dll
0x00007ffe64d80000 - 0x00007ffe64e9f000 	C:\windows\System32\RPCRT4.dll
0x00007ffe63d70000 - 0x00007ffe63df1000 	C:\windows\System32\bcryptPrimitives.dll
0x00007ffe65df0000 - 0x00007ffe65e1e000 	C:\windows\System32\IMM32.DLL
0x00007ffe482b0000 - 0x00007ffe482bc000 	D:\dev\idea-2026.1.win\jbr\bin\vcruntime140_1.dll
0x00007ffe18c20000 - 0x00007ffe18ca9000 	D:\dev\idea-2026.1.win\jbr\bin\msvcp140.dll
0x00007ffdd4250000 - 0x00007ffdd51a2000 	D:\dev\idea-2026.1.win\jbr\bin\server\jvm.dll
0x00007ffe65770000 - 0x00007ffe65813000 	C:\windows\System32\ADVAPI32.dll
0x00007ffe65ca0000 - 0x00007ffe65d37000 	C:\windows\System32\sechost.dll
0x00007ffe63800000 - 0x00007ffe6384a000 	C:\windows\System32\POWRPROF.dll
0x00007ffe63790000 - 0x00007ffe637a0000 	C:\windows\System32\UMPDC.dll
0x00007ffe66040000 - 0x00007ffe660af000 	C:\windows\System32\WS2_32.dll
0x00007ffe59fb0000 - 0x00007ffe59fba000 	C:\windows\SYSTEM32\VERSION.dll
0x00007ffe5fc70000 - 0x00007ffe5fc94000 	C:\windows\SYSTEM32\WINMM.dll
0x00007ffe5fc40000 - 0x00007ffe5fc6d000 	C:\windows\SYSTEM32\WINMMBASE.dll
0x00007ffe63d00000 - 0x00007ffe63d4a000 	C:\windows\System32\cfgmgr32.dll
0x00007ffe637a0000 - 0x00007ffe637b1000 	C:\windows\System32\kernel.appcore.dll
0x00007ffe48240000 - 0x00007ffe4824a000 	D:\dev\idea-2026.1.win\jbr\bin\jimage.dll
0x00007ffe61ed0000 - 0x00007ffe620c4000 	C:\windows\SYSTEM32\DBGHELP.DLL
0x00007ffe43be0000 - 0x00007ffe43c0a000 	C:\windows\SYSTEM32\dbgcore.DLL
0x00007ffe45f60000 - 0x00007ffe45f7f000 	D:\dev\idea-2026.1.win\jbr\bin\java.dll
0x00007ffe64a60000 - 0x00007ffe64bb7000 	C:\windows\System32\ole32.dll
0x00007ffe64f10000 - 0x00007ffe655f7000 	C:\windows\System32\SHELL32.dll
0x00007ffe656c0000 - 0x00007ffe65768000 	C:\windows\System32\shcore.dll
0x00007ffe64210000 - 0x00007ffe6498b000 	C:\windows\System32\windows.storage.dll
0x00007ffe637c0000 - 0x00007ffe637de000 	C:\windows\System32\profapi.dll
0x00007ffe66750000 - 0x00007ffe667a2000 	C:\windows\System32\shlwapi.dll
0x00007ffe63d50000 - 0x00007ffe63d67000 	C:\windows\System32\cryptsp.dll

JVMTI agents: none

dbghelp: loaded successfully - version: 4.0.5 - missing functions: none
symbol engine: initialized successfully - sym options: 0x614 - pdb path: .;D:\dev\idea-2026.1.win\jbr\bin;C:\windows\SYSTEM32;C:\windows\WinSxS\amd64_microsoft.windows.common-controls_6595b64144ccf1df_6.0.18362.1556_none_9e7e372fe45e41d5;D:\dev\idea-2026.1.win\jbr\bin\server

VM Arguments:
java_command: D:\tmp\surefire16065929260378381720\surefirebooter-20260531193242227_3.jar D:\tmp\surefire16065929260378381720 2026-05-31T19-32-42_104-jvmRun1 surefire-20260531193242227_1tmp surefire_0-20260531193242227_2tmp
java_class_path (initial): D:\tmp\surefire16065929260378381720\surefirebooter-20260531193242227_3.jar
Launcher Type: SUN_STANDARD

[Global flags]
     intx CICompilerCount                          = 4                                         {product} {ergonomic}
     uint ConcGCThreads                            = 3                                         {product} {ergonomic}
     uint G1ConcRefinementThreads                  = 10                                        {product} {ergonomic}
   size_t G1HeapRegionSize                         = 4194304                                   {product} {ergonomic}
   size_t InitialHeapSize                          = 536870912                                 {product} {ergonomic}
   size_t MarkStackSize                            = 4194304                                   {product} {ergonomic}
   size_t MarkStackSizeMax                         = 536870912                                 {product} {ergonomic}
   size_t MaxHeapSize                              = 8552185856                                {product} {ergonomic}
   size_t MinHeapDeltaBytes                        = 4194304                                   {product} {ergonomic}
   size_t MinHeapSize                              = 8388608                                   {product} {ergonomic}
    uintx NonNMethodCodeHeapSize                   = 5832704                                {pd product} {ergonomic}
    uintx NonProfiledCodeHeapSize                  = 122945536                              {pd product} {ergonomic}
    uintx ProfiledCodeHeapSize                     = 122880000                              {pd product} {ergonomic}
    uintx ReservedCodeCacheSize                    = 251658240                              {pd product} {ergonomic}
     bool SegmentedCodeCache                       = true                                      {product} {ergonomic}
   size_t SoftMaxHeapSize                          = 8552185856                             {manageable} {ergonomic}
     bool UseCompressedOops                        = true                           {product lp64_product} {ergonomic}
     bool UseG1GC                                  = true                                      {product} {ergonomic}
     bool UseLargePagesIndividualAllocation        = false                                  {pd product} {ergonomic}

Logging:
Log output configuration:
 #0: stdout all=warning uptime,level,tags foldmultilines=false
 #1: stderr all=off uptime,level,tags foldmultilines=false

Release file:
<release file has not been read>
Environment Variables:
JAVA_HOME=D:\dev\idea-2026.1.win\jbr
CLASSPATH=%JAVA_HOME%\lib\tools.jar
PATH=C:\Program Files\PowerShell\7;d:\dev\cursor\cursor\resources\app\resources\helpers;D:\dev\vmware17.0.2\bin\;C:\Python310\Scripts\;C:\Python310\;C:\Python38\Scripts\;C:\Python38\;C:\Python27\;C:\Python27\Scripts;C:\ProgramData\DockerDesktop\version-bin;C:\Program Files\Docker\Docker\Resources\bin;C:\windows\system32;C:\windows;C:\windows\System32\Wbem;C:\windows\System32\WindowsPowerShell\v1.0\;C:\windows\System32\OpenSSH\;C:\Program Files (x86)\NVIDIA Corporation\PhysX\Common;C:\Program Files\NVIDIA Corporation\NVIDIA NvDLISR;D:\dev\Git\bin;D:\dev\Git\mingw64\libexec\git-core;D:\dev\jdk-8u151\bin;D:\dev\jdk-8u151\lib\dt.jar;D:\dev\jdk-8u151\lib\tools.jar;D:\dev\jdk-8u151\jre\bin;C:\Program Files\Docker\Docker\resources\bin;C:\ProgramData\chocolatey\bin;D:\dev\Git XL;D:\dev\TortoiseGit\bin;D:\dev\lua5.1.5-52;D:\dev\lua5.1.5-52\clibs;D:\dev\apache-maven-3.6.3\bin;C:\Program Files\dotnet\;C:\Program Files\Microsoft SQL Server\130\Tools\Binn\;tcp://192.168.86.153:2375;D:\dev\Microsoft VS Code\bin;D:\dev\TortoiseSVN\bin;D:\dev\Redis-x64-3.2.100;D:\dev\apache-jmeter-5.4\bin;D:\dev\Git\cmd;D:\dev\strawberry-perl-5.32.1.1-64bit\perl\bin;D:\dev\nasm-2.15.05;C:\Program Files\OpenSSL\bin;C:\Program Files\OpenSSL\bin;D:\dev\apache-zookeeper-3.8.1-bin\bin;D:\dev\kafka_2.13-3.4.0\bin\windows;D:\dev\mongodb6.0.8\bin;D:\dev\rocketmq-all-5.1.4-bin-release\bin;D:\dev\nexus-3.67.1-01-java11-win64\nexus-3.67.1-01\bin;D:\dev\nvm;C:\Program Files\nodejs;%NODE_PATH%;D:\dev\mingw64\bin;D:\dev\xmanager\Xmanager 7\;D:\dev\xmanager\Xshell 7\;D:\dev\xmanager\Xftp 7\;D:\dev\xmanager\Xlpd 7\;D:\dev\go-1.22.5/bin;D:\dev\go-1.22.5\bin;D:\dev\GOPATH;D:\dev\go-1.22.5;D:\dev\go-1.22.5\bin;D:\dev\GOPATH\bin;D:\dev\MinGW\bin;D:\dev\msys64\mingw64\bin;C:\Program Files (x86)\dotnet\;D:\dev\cursor\cursor\resources\app\bin;D:\dev\CMake\bin;C:\Program Files\PowerShell\7\;D:\dev\python3.12.10\Scripts\;D:\dev\python3.12.10\;d:\dev\cursor\cursor\resources\app\codeBin;C:\Users\10211\.cargo\bin;C:\Users\10211\AppData\Local\Microsoft\WindowsApps;D:\dev\IntelliJ IDEA 2022.2.1\bin;D:\dev\DataGrip 2020.1\bin;C:\Users\10211\AppData\Roaming\npm;D:\dev\nvm;C:\Program Files\nodejs;C:\Users\10211\AppData\Local\inkdrop\bin;C:\Users\10211\go\bin;D:\dev\WebStorm 2023.3.4\bin;;D:\dev\IntelliJ IDEA 2024.1.4\bin;;D:\dev\GoLand 2025.1\bin;;D:\dev\Fiddler5;D:\dev\cursor\resources\app\bin;D:\dev\cpolar\;D:\dev\Antigravity\bin;D:\dev\PyCharm 2025.3.3\bin
USERNAME=10211
TERM=dumb
OS=Windows_NT
PROCESSOR_IDENTIFIER=Intel64 Family 6 Model 158 Stepping 13, GenuineIntel
TMP=D:\tmp
TEMP=D:\temp




Compilation memory statistics disabled.

Periodic native trim disabled

JNI global refs:
JNI global refs: 0, weak refs: 0

JNI global refs memory usage: 0, weak refs: 0

Process memory usage:
Resident Set Size: 13712K (0% of 33391800K total physical memory with 5009300K free physical memory)

OOME stack traces (most recent first):
Classloader memory used:

---------------  S Y S T E M  ---------------

OS:
 Windows 10 , 64 bit Build 18362 (10.0.18362.1500)
OS uptime: 12 days 18:58 hours

CPU: total 12 (initial active 12) (6 cores per cpu, 2 threads per core) family 6 model 158 stepping 13 microcode 0xde, cx8, cmov, fxsr, ht, mmx, 3dnowpref, sse, sse2, sse3, ssse3, sse4.1, sse4.2, popcnt, lzcnt, tsc, tscinvbit, avx, avx2, aes, erms, clmul, bmi1, bmi2, adx, fma, vzeroupper, clflush, clflushopt, rdtscp, f16c
Processor Information for the first 12 processors :
  Max Mhz: 2592, Current Mhz: 2592, Mhz Limit: 2592

Memory: 4k page, system-wide physical 32609M (4891M free)
TotalPageFile size 64506M (AvailPageFile size 421M)
current process WorkingSet (physical memory assigned to process): 13M, peak: 13M
current process commit charge ("private bytes"): 65M, peak: 577M

vm_info: OpenJDK 64-Bit Server VM (25.0.2+1-b329.72) for windows-amd64 JRE (25.0.2+1-b329.72), built on 2026-03-02 with MS VC++ 17.14 (VS2022)

END.
