WARNING: A restricted method in java.lang.System has been called
WARNING: java.lang.System::load has been called by org.fusesource.hawtjni.runtime.Library in an unnamed module (file:/D:/dev/apache-maven-3.6.3/bin/../lib/jansi-1.17.1.jar)
WARNING: Use --enable-native-access=ALL-UNNAMED to avoid a warning for callers in this module
WARNING: Restricted methods will be blocked in a future release unless native access is enabled

WARNING: A terminally deprecated method in sun.misc.Unsafe has been called
WARNING: sun.misc.Unsafe::objectFieldOffset has been called by com.google.common.util.concurrent.AbstractFuture$UnsafeAtomicHelper (file:/D:/dev/apache-maven-3.6.3/bin/../lib/guava-25.1-android.jar)
WARNING: Please consider reporting this to the maintainers of class com.google.common.util.concurrent.AbstractFuture$UnsafeAtomicHelper
WARNING: sun.misc.Unsafe::objectFieldOffset will be removed in a future release

  .   ____          _            __ _ _
 /\\ / ___'_ __ _ _(_)_ __  __ _ \ \ \ \
( ( )\___ | '_ | '_| | '_ \/ _` | \ \ \ \
 \\/  ___)| |_)| | | | | || (_| |  ) ) ) )
  '  |____| .__|_| |_|_| |_\__, | / / / /
 =========|_|==============|___/=/_/_/_/
 :: Spring Boot ::                (v3.2.5)

2026-05-31T17:12:34.568+08:00  INFO 30316 --- [scm-wms-service] [           main] com.scm.wms.WmsApplication               : Starting WmsApplication using Java 25.0.2 with PID 30316 (E:\note\开发-note\scm-platform\scm-wms-service\target\classes started by 10211 in E:\note\开发-note\scm-platform\scm-wms-service)
2026-05-31T17:12:34.571+08:00  INFO 30316 --- [scm-wms-service] [           main] com.scm.wms.WmsApplication               : No active profile set, falling back to 1 default profile: "default"
WARNING: A restricted method in java.lang.System has been called
WARNING: java.lang.System::load has been called by org.apache.tomcat.jni.Library in an unnamed module (file:/D:/dev/repository/org/apache/tomcat/embed/tomcat-embed-core/10.1.20/tomcat-embed-core-10.1.20.jar)
WARNING: Use --enable-native-access=ALL-UNNAMED to avoid a warning for callers in this module
WARNING: Restricted methods will be blocked in a future release unless native access is enabled

2026-05-31T17:12:35.539+08:00  INFO 30316 --- [scm-wms-service] [           main] o.s.b.w.embedded.tomcat.TomcatWebServer  : Tomcat initialized with port 8082 (http)
2026-05-31T17:12:35.551+08:00  INFO 30316 --- [scm-wms-service] [           main] o.apache.catalina.core.StandardService   : Starting service [Tomcat]
2026-05-31T17:12:35.552+08:00  INFO 30316 --- [scm-wms-service] [           main] o.apache.catalina.core.StandardEngine    : Starting Servlet engine: [Apache Tomcat/10.1.20]
2026-05-31T17:12:35.624+08:00  INFO 30316 --- [scm-wms-service] [           main] o.a.c.c.C.[Tomcat].[localhost].[/]       : Initializing Spring embedded WebApplicationContext
2026-05-31T17:12:35.624+08:00  INFO 30316 --- [scm-wms-service] [           main] w.s.c.ServletWebServerApplicationContext : Root WebApplicationContext: initialization completed in 1003 ms
2026-05-31T17:12:36.222+08:00  INFO 30316 --- [scm-wms-service] [           main] o.s.b.w.embedded.tomcat.TomcatWebServer  : Tomcat started on port 8082 (http) with context path ''
2026-05-31T17:12:36.230+08:00  INFO 30316 --- [scm-wms-service] [           main] com.scm.wms.WmsApplication               : Started WmsApplication in 2.045 seconds (process running for 2.362)
2026-05-31T17:13:01.231+08:00  INFO 30316 --- [scm-wms-service] [nio-8082-exec-3] o.a.c.c.C.[Tomcat].[localhost].[/]       : Initializing Spring DispatcherServlet 'dispatcherServlet'
2026-05-31T17:13:01.231+08:00  INFO 30316 --- [scm-wms-service] [nio-8082-exec-3] o.s.web.servlet.DispatcherServlet        : Initializing Servlet 'dispatcherServlet'
2026-05-31T17:13:01.232+08:00  INFO 30316 --- [scm-wms-service] [nio-8082-exec-3] o.s.web.servlet.DispatcherServlet        : Completed initialization in 0 ms
^C