WARNING: A restricted method in java.lang.System has been called
WARNING: java.lang.System::load has been called by org.fusesource.hawtjni.runtime.Library in an unnamed module (file:/D:/dev/apache-maven-3.6.3/bin/../lib/jansi-1.17.1.jar)
WARNING: Use --enable-native-access=ALL-UNNAMED to avoid a warning for callers in this module
WARNING: Restricted methods will be blocked in a future release unless native access is enabled

WARNING: A terminally deprecated method in sun.misc.Unsafe has been called
WARNING: sun.misc.Unsafe::objectFieldOffset has been called by com.google.common.util.concurrent.AbstractFuture$UnsafeAtomicHelper (file:/D:/dev/apache-maven-3.6.3/bin/../lib/guava-25.1-android.jar)
WARNING: Please consider reporting this to the maintainers of class com.google.common.util.concurrent.AbstractFuture$UnsafeAtomicHelper
WARNING: sun.misc.Unsafe::objectFieldOffset will be removed in a future release

  .   ____          _            __ _ _
 /\\ / ___'_ __ _ _(_)_ __  __ _ \ \ \ \
( ( )\___ | '_ | '_| | '_ \/ _` | \ \ \ \
 \\/  ___)| |_)| | | | | || (_| |  ) ) ) )
  '  |____| .__|_| |_|_| |_\__, | / / / /
 =========|_|==============|___/=/_/_/_/
 :: Spring Boot ::                (v3.2.5)

2026-05-31T17:12:23.328+08:00  INFO 34368 --- [scm-oms-service] [           main] com.scm.oms.OmsApplication               : Starting OmsApplication using Java 25.0.2 with PID 34368 (E:\note\开发-note\scm-platform\scm-oms-service\target\classes started by 10211 in E:\note\开发-note\scm-platform\scm-oms-service)
2026-05-31T17:12:23.330+08:00  INFO 34368 --- [scm-oms-service] [           main] com.scm.oms.OmsApplication               : No active profile set, falling back to 1 default profile: "default"
WARNING: A restricted method in java.lang.System has been called
WARNING: java.lang.System::load has been called by org.apache.tomcat.jni.Library in an unnamed module (file:/D:/dev/repository/org/apache/tomcat/embed/tomcat-embed-core/10.1.20/tomcat-embed-core-10.1.20.jar)
WARNING: Use --enable-native-access=ALL-UNNAMED to avoid a warning for callers in this module
WARNING: Restricted methods will be blocked in a future release unless native access is enabled

2026-05-31T17:12:24.228+08:00  INFO 34368 --- [scm-oms-service] [           main] o.s.b.w.embedded.tomcat.TomcatWebServer  : Tomcat initialized with port 8081 (http)
2026-05-31T17:12:24.238+08:00  INFO 34368 --- [scm-oms-service] [           main] o.apache.catalina.core.StandardService   : Starting service [Tomcat]
2026-05-31T17:12:24.238+08:00  INFO 34368 --- [scm-oms-service] [           main] o.apache.catalina.core.StandardEngine    : Starting Servlet engine: [Apache Tomcat/10.1.20]
2026-05-31T17:12:24.289+08:00  INFO 34368 --- [scm-oms-service] [           main] o.a.c.c.C.[Tomcat].[localhost].[/]       : Initializing Spring embedded WebApplicationContext
2026-05-31T17:12:24.289+08:00  INFO 34368 --- [scm-oms-service] [           main] w.s.c.ServletWebServerApplicationContext : Root WebApplicationContext: initialization completed in 912 ms
2026-05-31T17:12:24.740+08:00  INFO 34368 --- [scm-oms-service] [           main] o.s.b.w.embedded.tomcat.TomcatWebServer  : Tomcat started on port 8081 (http) with context path ''
2026-05-31T17:12:24.747+08:00  INFO 34368 --- [scm-oms-service] [           main] com.scm.oms.OmsApplication               : Started OmsApplication in 1.774 seconds (process running for 2.057)
2026-05-31T17:13:00.136+08:00  INFO 34368 --- [scm-oms-service] [nio-8081-exec-3] o.a.c.c.C.[Tomcat].[localhost].[/]       : Initializing Spring DispatcherServlet 'dispatcherServlet'
2026-05-31T17:13:00.136+08:00  INFO 34368 --- [scm-oms-service] [nio-8081-exec-3] o.s.web.servlet.DispatcherServlet        : Initializing Servlet 'dispatcherServlet'
2026-05-31T17:13:00.136+08:00  INFO 34368 --- [scm-oms-service] [nio-8081-exec-3] o.s.web.servlet.DispatcherServlet        : Completed initialization in 0 ms
^C